[ 2016-05-06T12:24:33+08:00 ] 127.0.0.1 /hotspots/
INFO: [ app_init ] --START--
INFO: Run Behavior\BuildLiteBehavior [ RunTime:0.001000s ]
INFO: [ app_init ] --END-- [ RunTime:0.059004s ]
INFO: [ app_begin ] --START--
INFO: Run Behavior\ReadHtmlCacheBehavior [ RunTime:0.050003s ]
INFO: [ app_begin ] --END-- [ RunTime:0.051003s ]
INFO: [ view_parse ] --START--
INFO: [ template_filter ] --START--
INFO: Run Behavior\ContentReplaceBehavior [ RunTime:0.001000s ]
INFO: [ template_filter ] --END-- [ RunTime:0.002000s ]
INFO: Run Behavior\ParseTemplateBehavior [ RunTime:0.163009s ]
INFO: [ view_parse ] --END-- [ RunTime:0.163009s ]
INFO: [ view_filter ] --START--
INFO: Run Behavior\WriteHtmlCacheBehavior [ RunTime:0.017001s ]
INFO: [ view_filter ] --END-- [ RunTime:0.018001s ]
INFO: [ app_end ] --START--
INFO: Run Behavior\ShowPageTraceBehavior [ RunTime:0.055003s ]
INFO: [ app_end ] --END-- [ RunTime:0.056003s ]

[ 2016-05-06T12:24:35+08:00 ] 127.0.0.1 /hotspots/index.php/Home/Index/showChinaMapHotspots
INFO: [ app_init ] --START--
INFO: Run Behavior\BuildLiteBehavior [ RunTime:0.000000s ]
INFO: [ app_init ] --END-- [ RunTime:0.002000s ]
INFO: [ app_begin ] --START--
INFO: Run Behavior\ReadHtmlCacheBehavior [ RunTime:0.002000s ]
INFO: [ app_begin ] --END-- [ RunTime:0.003000s ]
NOTIC: [8] Use of undefined constant name - assumed 'name' F:\wamp\www\hotspots\Application\Home\Controller\IndexController.class.php 第 26 行.
NOTIC: [8] Use of undefined constant value - assumed 'value' F:\wamp\www\hotspots\Application\Home\Controller\IndexController.class.php 第 26 行.
NOTIC: [8] Use of undefined constant name - assumed 'name' F:\wamp\www\hotspots\Application\Home\Controller\IndexController.class.php 第 27 行.
NOTIC: [8] Use of undefined constant value - assumed 'value' F:\wamp\www\hotspots\Application\Home\Controller\IndexController.class.php 第 27 行.
NOTIC: [8] Use of undefined constant name - assumed 'name' F:\wamp\www\hotspots\Application\Home\Controller\IndexController.class.php 第 28 行.
NOTIC: [8] Use of undefined constant value - assumed 'value' F:\wamp\www\hotspots\Application\Home\Controller\IndexController.class.php 第 28 行.
NOTIC: [8] Use of undefined constant name - assumed 'name' F:\wamp\www\hotspots\Application\Home\Controller\IndexController.class.php 第 29 行.
NOTIC: [8] Use of undefined constant value - assumed 'value' F:\wamp\www\hotspots\Application\Home\Controller\IndexController.class.php 第 29 行.
NOTIC: [8] Use of undefined constant name - assumed 'name' F:\wamp\www\hotspots\Application\Home\Controller\IndexController.class.php 第 30 行.
NOTIC: [8] Use of undefined constant value - assumed 'value' F:\wamp\www\hotspots\Application\Home\Controller\IndexController.class.php 第 30 行.
NOTIC: [8] Use of undefined constant name - assumed 'name' F:\wamp\www\hotspots\Application\Home\Controller\IndexController.class.php 第 31 行.
NOTIC: [8] Use of undefined constant value - assumed 'value' F:\wamp\www\hotspots\Application\Home\Controller\IndexController.class.php 第 31 行.
NOTIC: [8] Use of undefined constant name - assumed 'name' F:\wamp\www\hotspots\Application\Home\Controller\IndexController.class.php 第 32 行.
NOTIC: [8] Use of undefined constant value - assumed 'value' F:\wamp\www\hotspots\Application\Home\Controller\IndexController.class.php 第 32 行.
NOTIC: [8] Use of undefined constant name - assumed 'name' F:\wamp\www\hotspots\Application\Home\Controller\IndexController.class.php 第 33 行.
NOTIC: [8] Use of undefined constant value - assumed 'value' F:\wamp\www\hotspots\Application\Home\Controller\IndexController.class.php 第 33 行.
NOTIC: [8] Use of undefined constant name - assumed 'name' F:\wamp\www\hotspots\Application\Home\Controller\IndexController.class.php 第 34 行.
NOTIC: [8] Use of undefined constant value - assumed 'value' F:\wamp\www\hotspots\Application\Home\Controller\IndexController.class.php 第 34 行.
NOTIC: [8] Use of undefined constant name - assumed 'name' F:\wamp\www\hotspots\Application\Home\Controller\IndexController.class.php 第 35 行.
NOTIC: [8] Use of undefined constant value - assumed 'value' F:\wamp\www\hotspots\Application\Home\Controller\IndexController.class.php 第 35 行.
NOTIC: [8] Use of undefined constant name - assumed 'name' F:\wamp\www\hotspots\Application\Home\Controller\IndexController.class.php 第 36 行.
NOTIC: [8] Use of undefined constant value - assumed 'value' F:\wamp\www\hotspots\Application\Home\Controller\IndexController.class.php 第 36 行.
NOTIC: [8] Use of undefined constant name - assumed 'name' F:\wamp\www\hotspots\Application\Home\Controller\IndexController.class.php 第 37 行.
NOTIC: [8] Use of undefined constant value - assumed 'value' F:\wamp\www\hotspots\Application\Home\Controller\IndexController.class.php 第 37 行.
NOTIC: [8] Use of undefined constant name - assumed 'name' F:\wamp\www\hotspots\Application\Home\Controller\IndexController.class.php 第 38 行.
NOTIC: [8] Use of undefined constant value - assumed 'value' F:\wamp\www\hotspots\Application\Home\Controller\IndexController.class.php 第 38 行.
NOTIC: [8] Use of undefined constant name - assumed 'name' F:\wamp\www\hotspots\Application\Home\Controller\IndexController.class.php 第 39 行.
NOTIC: [8] Use of undefined constant value - assumed 'value' F:\wamp\www\hotspots\Application\Home\Controller\IndexController.class.php 第 39 行.
NOTIC: [8] Use of undefined constant name - assumed 'name' F:\wamp\www\hotspots\Application\Home\Controller\IndexController.class.php 第 40 行.
NOTIC: [8] Use of undefined constant value - assumed 'value' F:\wamp\www\hotspots\Application\Home\Controller\IndexController.class.php 第 40 行.
NOTIC: [8] Use of undefined constant name - assumed 'name' F:\wamp\www\hotspots\Application\Home\Controller\IndexController.class.php 第 41 行.
NOTIC: [8] Use of undefined constant value - assumed 'value' F:\wamp\www\hotspots\Application\Home\Controller\IndexController.class.php 第 41 行.
NOTIC: [8] Use of undefined constant name - assumed 'name' F:\wamp\www\hotspots\Application\Home\Controller\IndexController.class.php 第 42 行.
NOTIC: [8] Use of undefined constant value - assumed 'value' F:\wamp\www\hotspots\Application\Home\Controller\IndexController.class.php 第 42 行.
NOTIC: [8] Use of undefined constant name - assumed 'name' F:\wamp\www\hotspots\Application\Home\Controller\IndexController.class.php 第 43 行.
NOTIC: [8] Use of undefined constant value - assumed 'value' F:\wamp\www\hotspots\Application\Home\Controller\IndexController.class.php 第 43 行.
NOTIC: [8] Use of undefined constant name - assumed 'name' F:\wamp\www\hotspots\Application\Home\Controller\IndexController.class.php 第 44 行.
NOTIC: [8] Use of undefined constant value - assumed 'value' F:\wamp\www\hotspots\Application\Home\Controller\IndexController.class.php 第 44 行.
NOTIC: [8] Use of undefined constant name - assumed 'name' F:\wamp\www\hotspots\Application\Home\Controller\IndexController.class.php 第 45 行.
NOTIC: [8] Use of undefined constant value - assumed 'value' F:\wamp\www\hotspots\Application\Home\Controller\IndexController.class.php 第 45 行.
NOTIC: [8] Use of undefined constant name - assumed 'name' F:\wamp\www\hotspots\Application\Home\Controller\IndexController.class.php 第 46 行.
NOTIC: [8] Use of undefined constant value - assumed 'value' F:\wamp\www\hotspots\Application\Home\Controller\IndexController.class.php 第 46 行.
NOTIC: [8] Use of undefined constant name - assumed 'name' F:\wamp\www\hotspots\Application\Home\Controller\IndexController.class.php 第 47 行.
NOTIC: [8] Use of undefined constant value - assumed 'value' F:\wamp\www\hotspots\Application\Home\Controller\IndexController.class.php 第 47 行.
NOTIC: [8] Use of undefined constant name - assumed 'name' F:\wamp\www\hotspots\Application\Home\Controller\IndexController.class.php 第 48 行.
NOTIC: [8] Use of undefined constant value - assumed 'value' F:\wamp\www\hotspots\Application\Home\Controller\IndexController.class.php 第 48 行.
NOTIC: [8] Use of undefined constant name - assumed 'name' F:\wamp\www\hotspots\Application\Home\Controller\IndexController.class.php 第 49 行.
NOTIC: [8] Use of undefined constant value - assumed 'value' F:\wamp\www\hotspots\Application\Home\Controller\IndexController.class.php 第 49 行.
NOTIC: [8] Use of undefined constant name - assumed 'name' F:\wamp\www\hotspots\Application\Home\Controller\IndexController.class.php 第 50 行.
NOTIC: [8] Use of undefined constant value - assumed 'value' F:\wamp\www\hotspots\Application\Home\Controller\IndexController.class.php 第 50 行.
NOTIC: [8] Use of undefined constant name - assumed 'name' F:\wamp\www\hotspots\Application\Home\Controller\IndexController.class.php 第 51 行.
NOTIC: [8] Use of undefined constant value - assumed 'value' F:\wamp\www\hotspots\Application\Home\Controller\IndexController.class.php 第 51 行.
NOTIC: [8] Use of undefined constant name - assumed 'name' F:\wamp\www\hotspots\Application\Home\Controller\IndexController.class.php 第 52 行.
NOTIC: [8] Use of undefined constant value - assumed 'value' F:\wamp\www\hotspots\Application\Home\Controller\IndexController.class.php 第 52 行.
NOTIC: [8] Use of undefined constant name - assumed 'name' F:\wamp\www\hotspots\Application\Home\Controller\IndexController.class.php 第 53 行.
NOTIC: [8] Use of undefined constant value - assumed 'value' F:\wamp\www\hotspots\Application\Home\Controller\IndexController.class.php 第 53 行.
NOTIC: [8] Use of undefined constant name - assumed 'name' F:\wamp\www\hotspots\Application\Home\Controller\IndexController.class.php 第 54 行.
NOTIC: [8] Use of undefined constant value - assumed 'value' F:\wamp\www\hotspots\Application\Home\Controller\IndexController.class.php 第 54 行.
NOTIC: [8] Use of undefined constant name - assumed 'name' F:\wamp\www\hotspots\Application\Home\Controller\IndexController.class.php 第 55 行.
NOTIC: [8] Use of undefined constant value - assumed 'value' F:\wamp\www\hotspots\Application\Home\Controller\IndexController.class.php 第 55 行.
NOTIC: [8] Use of undefined constant name - assumed 'name' F:\wamp\www\hotspots\Application\Home\Controller\IndexController.class.php 第 56 行.
NOTIC: [8] Use of undefined constant value - assumed 'value' F:\wamp\www\hotspots\Application\Home\Controller\IndexController.class.php 第 56 行.
NOTIC: [8] Use of undefined constant name - assumed 'name' F:\wamp\www\hotspots\Application\Home\Controller\IndexController.class.php 第 57 行.
NOTIC: [8] Use of undefined constant value - assumed 'value' F:\wamp\www\hotspots\Application\Home\Controller\IndexController.class.php 第 57 行.
NOTIC: [8] Use of undefined constant name - assumed 'name' F:\wamp\www\hotspots\Application\Home\Controller\IndexController.class.php 第 58 行.
NOTIC: [8] Use of undefined constant value - assumed 'value' F:\wamp\www\hotspots\Application\Home\Controller\IndexController.class.php 第 58 行.
NOTIC: [8] Use of undefined constant name - assumed 'name' F:\wamp\www\hotspots\Application\Home\Controller\IndexController.class.php 第 59 行.
NOTIC: [8] Use of undefined constant value - assumed 'value' F:\wamp\www\hotspots\Application\Home\Controller\IndexController.class.php 第 59 行.
NOTIC: [8] Use of undefined constant name - assumed 'name' F:\wamp\www\hotspots\Application\Home\Controller\IndexController.class.php 第 60 行.
NOTIC: [8] Use of undefined constant value - assumed 'value' F:\wamp\www\hotspots\Application\Home\Controller\IndexController.class.php 第 60 行.
NOTIC: [8] Use of undefined constant name - assumed 'name' F:\wamp\www\hotspots\Application\Home\Controller\IndexController.class.php 第 61 行.
NOTIC: [8] Use of undefined constant value - assumed 'value' F:\wamp\www\hotspots\Application\Home\Controller\IndexController.class.php 第 61 行.
NOTIC: [8] Use of undefined constant name - assumed 'name' F:\wamp\www\hotspots\Application\Home\Controller\IndexController.class.php 第 62 行.
NOTIC: [8] Use of undefined constant value - assumed 'value' F:\wamp\www\hotspots\Application\Home\Controller\IndexController.class.php 第 62 行.
NOTIC: [8] Use of undefined constant name - assumed 'name' F:\wamp\www\hotspots\Application\Home\Controller\IndexController.class.php 第 63 行.
NOTIC: [8] Use of undefined constant value - assumed 'value' F:\wamp\www\hotspots\Application\Home\Controller\IndexController.class.php 第 63 行.

[ 2016-05-06T15:30:00+08:00 ] 127.0.0.1 /hotspots/
INFO: [ app_init ] --START--
INFO: Run Behavior\BuildLiteBehavior [ RunTime:0.000000s ]
INFO: [ app_init ] --END-- [ RunTime:0.003001s ]
INFO: [ app_begin ] --START--
INFO: Run Behavior\ReadHtmlCacheBehavior [ RunTime:0.003000s ]
INFO: [ app_begin ] --END-- [ RunTime:0.004000s ]
INFO: [ view_parse ] --START--
INFO: [ template_filter ] --START--
INFO: Run Behavior\ContentReplaceBehavior [ RunTime:0.000000s ]
INFO: [ template_filter ] --END-- [ RunTime:0.001000s ]
INFO: Run Behavior\ParseTemplateBehavior [ RunTime:0.073004s ]
INFO: [ view_parse ] --END-- [ RunTime:0.074004s ]
INFO: [ view_filter ] --START--
INFO: Run Behavior\WriteHtmlCacheBehavior [ RunTime:0.002000s ]
INFO: [ view_filter ] --END-- [ RunTime:0.003000s ]
INFO: [ app_end ] --START--
INFO: Run Behavior\ShowPageTraceBehavior [ RunTime:0.003000s ]
INFO: [ app_end ] --END-- [ RunTime:0.005000s ]

[ 2016-05-06T15:30:01+08:00 ] 127.0.0.1 /hotspots/index.php/Home/Index/showChinaMapHotspots
INFO: [ app_init ] --START--
INFO: Run Behavior\BuildLiteBehavior [ RunTime:0.000000s ]
INFO: [ app_init ] --END-- [ RunTime:0.002000s ]
INFO: [ app_begin ] --START--
INFO: Run Behavior\ReadHtmlCacheBehavior [ RunTime:0.002000s ]
INFO: [ app_begin ] --END-- [ RunTime:0.003000s ]
NOTIC: [8] Use of undefined constant name - assumed 'name' F:\wamp\www\hotspots\Application\Home\Controller\IndexController.class.php 第 26 行.
NOTIC: [8] Use of undefined constant value - assumed 'value' F:\wamp\www\hotspots\Application\Home\Controller\IndexController.class.php 第 26 行.
NOTIC: [8] Use of undefined constant name - assumed 'name' F:\wamp\www\hotspots\Application\Home\Controller\IndexController.class.php 第 27 行.
NOTIC: [8] Use of undefined constant value - assumed 'value' F:\wamp\www\hotspots\Application\Home\Controller\IndexController.class.php 第 27 行.
NOTIC: [8] Use of undefined constant name - assumed 'name' F:\wamp\www\hotspots\Application\Home\Controller\IndexController.class.php 第 28 行.
NOTIC: [8] Use of undefined constant value - assumed 'value' F:\wamp\www\hotspots\Application\Home\Controller\IndexController.class.php 第 28 行.
NOTIC: [8] Use of undefined constant name - assumed 'name' F:\wamp\www\hotspots\Application\Home\Controller\IndexController.class.php 第 29 行.
NOTIC: [8] Use of undefined constant value - assumed 'value' F:\wamp\www\hotspots\Application\Home\Controller\IndexController.class.php 第 29 行.
NOTIC: [8] Use of undefined constant name - assumed 'name' F:\wamp\www\hotspots\Application\Home\Controller\IndexController.class.php 第 30 行.
NOTIC: [8] Use of undefined constant value - assumed 'value' F:\wamp\www\hotspots\Application\Home\Controller\IndexController.class.php 第 30 行.
NOTIC: [8] Use of undefined constant name - assumed 'name' F:\wamp\www\hotspots\Application\Home\Controller\IndexController.class.php 第 31 行.
NOTIC: [8] Use of undefined constant value - assumed 'value' F:\wamp\www\hotspots\Application\Home\Controller\IndexController.class.php 第 31 行.
NOTIC: [8] Use of undefined constant name - assumed 'name' F:\wamp\www\hotspots\Application\Home\Controller\IndexController.class.php 第 32 行.
NOTIC: [8] Use of undefined constant value - assumed 'value' F:\wamp\www\hotspots\Application\Home\Controller\IndexController.class.php 第 32 行.
NOTIC: [8] Use of undefined constant name - assumed 'name' F:\wamp\www\hotspots\Application\Home\Controller\IndexController.class.php 第 33 行.
NOTIC: [8] Use of undefined constant value - assumed 'value' F:\wamp\www\hotspots\Application\Home\Controller\IndexController.class.php 第 33 行.
NOTIC: [8] Use of undefined constant name - assumed 'name' F:\wamp\www\hotspots\Application\Home\Controller\IndexController.class.php 第 34 行.
NOTIC: [8] Use of undefined constant value - assumed 'value' F:\wamp\www\hotspots\Application\Home\Controller\IndexController.class.php 第 34 行.
NOTIC: [8] Use of undefined constant name - assumed 'name' F:\wamp\www\hotspots\Application\Home\Controller\IndexController.class.php 第 35 行.
NOTIC: [8] Use of undefined constant value - assumed 'value' F:\wamp\www\hotspots\Application\Home\Controller\IndexController.class.php 第 35 行.
NOTIC: [8] Use of undefined constant name - assumed 'name' F:\wamp\www\hotspots\Application\Home\Controller\IndexController.class.php 第 36 行.
NOTIC: [8] Use of undefined constant value - assumed 'value' F:\wamp\www\hotspots\Application\Home\Controller\IndexController.class.php 第 36 行.
NOTIC: [8] Use of undefined constant name - assumed 'name' F:\wamp\www\hotspots\Application\Home\Controller\IndexController.class.php 第 37 行.
NOTIC: [8] Use of undefined constant value - assumed 'value' F:\wamp\www\hotspots\Application\Home\Controller\IndexController.class.php 第 37 行.
NOTIC: [8] Use of undefined constant name - assumed 'name' F:\wamp\www\hotspots\Application\Home\Controller\IndexController.class.php 第 38 行.
NOTIC: [8] Use of undefined constant value - assumed 'value' F:\wamp\www\hotspots\Application\Home\Controller\IndexController.class.php 第 38 行.
NOTIC: [8] Use of undefined constant name - assumed 'name' F:\wamp\www\hotspots\Application\Home\Controller\IndexController.class.php 第 39 行.
NOTIC: [8] Use of undefined constant value - assumed 'value' F:\wamp\www\hotspots\Application\Home\Controller\IndexController.class.php 第 39 行.
NOTIC: [8] Use of undefined constant name - assumed 'name' F:\wamp\www\hotspots\Application\Home\Controller\IndexController.class.php 第 40 行.
NOTIC: [8] Use of undefined constant value - assumed 'value' F:\wamp\www\hotspots\Application\Home\Controller\IndexController.class.php 第 40 行.
NOTIC: [8] Use of undefined constant name - assumed 'name' F:\wamp\www\hotspots\Application\Home\Controller\IndexController.class.php 第 41 行.
NOTIC: [8] Use of undefined constant value - assumed 'value' F:\wamp\www\hotspots\Application\Home\Controller\IndexController.class.php 第 41 行.
NOTIC: [8] Use of undefined constant name - assumed 'name' F:\wamp\www\hotspots\Application\Home\Controller\IndexController.class.php 第 42 行.
NOTIC: [8] Use of undefined constant value - assumed 'value' F:\wamp\www\hotspots\Application\Home\Controller\IndexController.class.php 第 42 行.
NOTIC: [8] Use of undefined constant name - assumed 'name' F:\wamp\www\hotspots\Application\Home\Controller\IndexController.class.php 第 43 行.
NOTIC: [8] Use of undefined constant value - assumed 'value' F:\wamp\www\hotspots\Application\Home\Controller\IndexController.class.php 第 43 行.
NOTIC: [8] Use of undefined constant name - assumed 'name' F:\wamp\www\hotspots\Application\Home\Controller\IndexController.class.php 第 44 行.
NOTIC: [8] Use of undefined constant value - assumed 'value' F:\wamp\www\hotspots\Application\Home\Controller\IndexController.class.php 第 44 行.
NOTIC: [8] Use of undefined constant name - assumed 'name' F:\wamp\www\hotspots\Application\Home\Controller\IndexController.class.php 第 45 行.
NOTIC: [8] Use of undefined constant value - assumed 'value' F:\wamp\www\hotspots\Application\Home\Controller\IndexController.class.php 第 45 行.
NOTIC: [8] Use of undefined constant name - assumed 'name' F:\wamp\www\hotspots\Application\Home\Controller\IndexController.class.php 第 46 行.
NOTIC: [8] Use of undefined constant value - assumed 'value' F:\wamp\www\hotspots\Application\Home\Controller\IndexController.class.php 第 46 行.
NOTIC: [8] Use of undefined constant name - assumed 'name' F:\wamp\www\hotspots\Application\Home\Controller\IndexController.class.php 第 47 行.
NOTIC: [8] Use of undefined constant value - assumed 'value' F:\wamp\www\hotspots\Application\Home\Controller\IndexController.class.php 第 47 行.
NOTIC: [8] Use of undefined constant name - assumed 'name' F:\wamp\www\hotspots\Application\Home\Controller\IndexController.class.php 第 48 行.
NOTIC: [8] Use of undefined constant value - assumed 'value' F:\wamp\www\hotspots\Application\Home\Controller\IndexController.class.php 第 48 行.
NOTIC: [8] Use of undefined constant name - assumed 'name' F:\wamp\www\hotspots\Application\Home\Controller\IndexController.class.php 第 49 行.
NOTIC: [8] Use of undefined constant value - assumed 'value' F:\wamp\www\hotspots\Application\Home\Controller\IndexController.class.php 第 49 行.
NOTIC: [8] Use of undefined constant name - assumed 'name' F:\wamp\www\hotspots\Application\Home\Controller\IndexController.class.php 第 50 行.
NOTIC: [8] Use of undefined constant value - assumed 'value' F:\wamp\www\hotspots\Application\Home\Controller\IndexController.class.php 第 50 行.
NOTIC: [8] Use of undefined constant name - assumed 'name' F:\wamp\www\hotspots\Application\Home\Controller\IndexController.class.php 第 51 行.
NOTIC: [8] Use of undefined constant value - assumed 'value' F:\wamp\www\hotspots\Application\Home\Controller\IndexController.class.php 第 51 行.
NOTIC: [8] Use of undefined constant name - assumed 'name' F:\wamp\www\hotspots\Application\Home\Controller\IndexController.class.php 第 52 行.
NOTIC: [8] Use of undefined constant value - assumed 'value' F:\wamp\www\hotspots\Application\Home\Controller\IndexController.class.php 第 52 行.
NOTIC: [8] Use of undefined constant name - assumed 'name' F:\wamp\www\hotspots\Application\Home\Controller\IndexController.class.php 第 53 行.
NOTIC: [8] Use of undefined constant value - assumed 'value' F:\wamp\www\hotspots\Application\Home\Controller\IndexController.class.php 第 53 行.
NOTIC: [8] Use of undefined constant name - assumed 'name' F:\wamp\www\hotspots\Application\Home\Controller\IndexController.class.php 第 54 行.
NOTIC: [8] Use of undefined constant value - assumed 'value' F:\wamp\www\hotspots\Application\Home\Controller\IndexController.class.php 第 54 行.
NOTIC: [8] Use of undefined constant name - assumed 'name' F:\wamp\www\hotspots\Application\Home\Controller\IndexController.class.php 第 55 行.
NOTIC: [8] Use of undefined constant value - assumed 'value' F:\wamp\www\hotspots\Application\Home\Controller\IndexController.class.php 第 55 行.
NOTIC: [8] Use of undefined constant name - assumed 'name' F:\wamp\www\hotspots\Application\Home\Controller\IndexController.class.php 第 56 行.
NOTIC: [8] Use of undefined constant value - assumed 'value' F:\wamp\www\hotspots\Application\Home\Controller\IndexController.class.php 第 56 行.
NOTIC: [8] Use of undefined constant name - assumed 'name' F:\wamp\www\hotspots\Application\Home\Controller\IndexController.class.php 第 57 行.
NOTIC: [8] Use of undefined constant value - assumed 'value' F:\wamp\www\hotspots\Application\Home\Controller\IndexController.class.php 第 57 行.
NOTIC: [8] Use of undefined constant name - assumed 'name' F:\wamp\www\hotspots\Application\Home\Controller\IndexController.class.php 第 58 行.
NOTIC: [8] Use of undefined constant value - assumed 'value' F:\wamp\www\hotspots\Application\Home\Controller\IndexController.class.php 第 58 行.
NOTIC: [8] Use of undefined constant name - assumed 'name' F:\wamp\www\hotspots\Application\Home\Controller\IndexController.class.php 第 59 行.
NOTIC: [8] Use of undefined constant value - assumed 'value' F:\wamp\www\hotspots\Application\Home\Controller\IndexController.class.php 第 59 行.
NOTIC: [8] Use of undefined constant name - assumed 'name' F:\wamp\www\hotspots\Application\Home\Controller\IndexController.class.php 第 60 行.
NOTIC: [8] Use of undefined constant value - assumed 'value' F:\wamp\www\hotspots\Application\Home\Controller\IndexController.class.php 第 60 行.
NOTIC: [8] Use of undefined constant name - assumed 'name' F:\wamp\www\hotspots\Application\Home\Controller\IndexController.class.php 第 61 行.
NOTIC: [8] Use of undefined constant value - assumed 'value' F:\wamp\www\hotspots\Application\Home\Controller\IndexController.class.php 第 61 行.
NOTIC: [8] Use of undefined constant name - assumed 'name' F:\wamp\www\hotspots\Application\Home\Controller\IndexController.class.php 第 62 行.
NOTIC: [8] Use of undefined constant value - assumed 'value' F:\wamp\www\hotspots\Application\Home\Controller\IndexController.class.php 第 62 行.
NOTIC: [8] Use of undefined constant name - assumed 'name' F:\wamp\www\hotspots\Application\Home\Controller\IndexController.class.php 第 63 行.
NOTIC: [8] Use of undefined constant value - assumed 'value' F:\wamp\www\hotspots\Application\Home\Controller\IndexController.class.php 第 63 行.

[ 2016-05-06T23:44:43+08:00 ] 127.0.0.1 /hotspots/
INFO: [ app_init ] --START--
INFO: Run Behavior\BuildLiteBehavior [ RunTime:0.000000s ]
INFO: [ app_init ] --END-- [ RunTime:0.025000s ]
INFO: [ app_begin ] --START--
INFO: Run Behavior\ReadHtmlCacheBehavior [ RunTime:0.005000s ]
INFO: [ app_begin ] --END-- [ RunTime:0.005000s ]

[ 2016-05-06T23:44:43+08:00 ] 127.0.0.1 /hotspots/index.php/Home/Index/index.html
INFO: [ app_init ] --START--
INFO: Run Behavior\BuildLiteBehavior [ RunTime:0.000000s ]
INFO: [ app_init ] --END-- [ RunTime:0.002500s ]
INFO: [ app_begin ] --START--
INFO: Run Behavior\ReadHtmlCacheBehavior [ RunTime:0.002500s ]
INFO: [ app_begin ] --END-- [ RunTime:0.002500s ]

[ 2016-05-06T23:44:43+08:00 ] 127.0.0.1 /hotspots/
INFO: [ app_init ] --START--
INFO: Run Behavior\BuildLiteBehavior [ RunTime:0.000000s ]
INFO: [ app_init ] --END-- [ RunTime:0.002500s ]
INFO: [ app_begin ] --START--
INFO: Run Behavior\ReadHtmlCacheBehavior [ RunTime:0.002500s ]
INFO: [ app_begin ] --END-- [ RunTime:0.002500s ]

[ 2016-05-06T23:52:24+08:00 ] 127.0.0.1 /hotspots/
INFO: [ app_init ] --START--
INFO: Run Behavior\BuildLiteBehavior [ RunTime:0.002500s ]
INFO: [ app_init ] --END-- [ RunTime:0.002500s ]
INFO: [ app_begin ] --START--
INFO: Run Behavior\ReadHtmlCacheBehavior [ RunTime:0.002500s ]
INFO: [ app_begin ] --END-- [ RunTime:0.002500s ]
INFO: [ view_parse ] --START--
INFO: [ template_filter ] --START--
INFO: Run Behavior\ContentReplaceBehavior [ RunTime:0.125002s ]
INFO: [ template_filter ] --END-- [ RunTime:0.125002s ]
INFO: Run Behavior\ParseTemplateBehavior [ RunTime:0.837513s ]
INFO: [ view_parse ] --END-- [ RunTime:0.837513s ]
INFO: [ view_filter ] --START--
INFO: Run Behavior\WriteHtmlCacheBehavior [ RunTime:0.047501s ]
INFO: [ view_filter ] --END-- [ RunTime:0.047501s ]
INFO: [ app_end ] --START--
INFO: Run Behavior\ShowPageTraceBehavior [ RunTime:0.060001s ]
INFO: [ app_end ] --END-- [ RunTime:0.062501s ]

[ 2016-05-06T23:52:26+08:00 ] 127.0.0.1 /hotspots/index.php/Home/Index/showChinaMapHotspots
INFO: [ app_init ] --START--
INFO: Run Behavior\BuildLiteBehavior [ RunTime:0.000000s ]
INFO: [ app_init ] --END-- [ RunTime:0.015600s ]
INFO: [ app_begin ] --START--
INFO: Run Behavior\ReadHtmlCacheBehavior [ RunTime:0.000000s ]
INFO: [ app_begin ] --END-- [ RunTime:0.000000s ]
NOTIC: [8] Use of undefined constant name - assumed 'name' F:\wamp\www\hotspots\Application\Home\Controller\IndexController.class.php 第 26 行.
NOTIC: [8] Use of undefined constant value - assumed 'value' F:\wamp\www\hotspots\Application\Home\Controller\IndexController.class.php 第 26 行.
NOTIC: [8] Use of undefined constant name - assumed 'name' F:\wamp\www\hotspots\Application\Home\Controller\IndexController.class.php 第 27 行.
NOTIC: [8] Use of undefined constant value - assumed 'value' F:\wamp\www\hotspots\Application\Home\Controller\IndexController.class.php 第 27 行.
NOTIC: [8] Use of undefined constant name - assumed 'name' F:\wamp\www\hotspots\Application\Home\Controller\IndexController.class.php 第 28 行.
NOTIC: [8] Use of undefined constant value - assumed 'value' F:\wamp\www\hotspots\Application\Home\Controller\IndexController.class.php 第 28 行.
NOTIC: [8] Use of undefined constant name - assumed 'name' F:\wamp\www\hotspots\Application\Home\Controller\IndexController.class.php 第 29 行.
NOTIC: [8] Use of undefined constant value - assumed 'value' F:\wamp\www\hotspots\Application\Home\Controller\IndexController.class.php 第 29 行.
NOTIC: [8] Use of undefined constant name - assumed 'name' F:\wamp\www\hotspots\Application\Home\Controller\IndexController.class.php 第 30 行.
NOTIC: [8] Use of undefined constant value - assumed 'value' F:\wamp\www\hotspots\Application\Home\Controller\IndexController.class.php 第 30 行.
NOTIC: [8] Use of undefined constant name - assumed 'name' F:\wamp\www\hotspots\Application\Home\Controller\IndexController.class.php 第 31 行.
NOTIC: [8] Use of undefined constant value - assumed 'value' F:\wamp\www\hotspots\Application\Home\Controller\IndexController.class.php 第 31 行.
NOTIC: [8] Use of undefined constant name - assumed 'name' F:\wamp\www\hotspots\Application\Home\Controller\IndexController.class.php 第 32 行.
NOTIC: [8] Use of undefined constant value - assumed 'value' F:\wamp\www\hotspots\Application\Home\Controller\IndexController.class.php 第 32 行.
NOTIC: [8] Use of undefined constant name - assumed 'name' F:\wamp\www\hotspots\Application\Home\Controller\IndexController.class.php 第 33 行.
NOTIC: [8] Use of undefined constant value - assumed 'value' F:\wamp\www\hotspots\Application\Home\Controller\IndexController.class.php 第 33 行.
NOTIC: [8] Use of undefined constant name - assumed 'name' F:\wamp\www\hotspots\Application\Home\Controller\IndexController.class.php 第 34 行.
NOTIC: [8] Use of undefined constant value - assumed 'value' F:\wamp\www\hotspots\Application\Home\Controller\IndexController.class.php 第 34 行.
NOTIC: [8] Use of undefined constant name - assumed 'name' F:\wamp\www\hotspots\Application\Home\Controller\IndexController.class.php 第 35 行.
NOTIC: [8] Use of undefined constant value - assumed 'value' F:\wamp\www\hotspots\Application\Home\Controller\IndexController.class.php 第 35 行.
NOTIC: [8] Use of undefined constant name - assumed 'name' F:\wamp\www\hotspots\Application\Home\Controller\IndexController.class.php 第 36 行.
NOTIC: [8] Use of undefined constant value - assumed 'value' F:\wamp\www\hotspots\Application\Home\Controller\IndexController.class.php 第 36 行.
NOTIC: [8] Use of undefined constant name - assumed 'name' F:\wamp\www\hotspots\Application\Home\Controller\IndexController.class.php 第 37 行.
NOTIC: [8] Use of undefined constant value - assumed 'value' F:\wamp\www\hotspots\Application\Home\Controller\IndexController.class.php 第 37 行.
NOTIC: [8] Use of undefined constant name - assumed 'name' F:\wamp\www\hotspots\Application\Home\Controller\IndexController.class.php 第 38 行.
NOTIC: [8] Use of undefined constant value - assumed 'value' F:\wamp\www\hotspots\Application\Home\Controller\IndexController.class.php 第 38 行.
NOTIC: [8] Use of undefined constant name - assumed 'name' F:\wamp\www\hotspots\Application\Home\Controller\IndexController.class.php 第 39 行.
NOTIC: [8] Use of undefined constant value - assumed 'value' F:\wamp\www\hotspots\Application\Home\Controller\IndexController.class.php 第 39 行.
NOTIC: [8] Use of undefined constant name - assumed 'name' F:\wamp\www\hotspots\Application\Home\Controller\IndexController.class.php 第 40 行.
NOTIC: [8] Use of undefined constant value - assumed 'value' F:\wamp\www\hotspots\Application\Home\Controller\IndexController.class.php 第 40 行.
NOTIC: [8] Use of undefined constant name - assumed 'name' F:\wamp\www\hotspots\Application\Home\Controller\IndexController.class.php 第 41 行.
NOTIC: [8] Use of undefined constant value - assumed 'value' F:\wamp\www\hotspots\Application\Home\Controller\IndexController.class.php 第 41 行.
NOTIC: [8] Use of undefined constant name - assumed 'name' F:\wamp\www\hotspots\Application\Home\Controller\IndexController.class.php 第 42 行.
NOTIC: [8] Use of undefined constant value - assumed 'value' F:\wamp\www\hotspots\Application\Home\Controller\IndexController.class.php 第 42 行.
NOTIC: [8] Use of undefined constant name - assumed 'name' F:\wamp\www\hotspots\Application\Home\Controller\IndexController.class.php 第 43 行.
NOTIC: [8] Use of undefined constant value - assumed 'value' F:\wamp\www\hotspots\Application\Home\Controller\IndexController.class.php 第 43 行.
NOTIC: [8] Use of undefined constant name - assumed 'name' F:\wamp\www\hotspots\Application\Home\Controller\IndexController.class.php 第 44 行.
NOTIC: [8] Use of undefined constant value - assumed 'value' F:\wamp\www\hotspots\Application\Home\Controller\IndexController.class.php 第 44 行.
NOTIC: [8] Use of undefined constant name - assumed 'name' F:\wamp\www\hotspots\Application\Home\Controller\IndexController.class.php 第 45 行.
NOTIC: [8] Use of undefined constant value - assumed 'value' F:\wamp\www\hotspots\Application\Home\Controller\IndexController.class.php 第 45 行.
NOTIC: [8] Use of undefined constant name - assumed 'name' F:\wamp\www\hotspots\Application\Home\Controller\IndexController.class.php 第 46 行.
NOTIC: [8] Use of undefined constant value - assumed 'value' F:\wamp\www\hotspots\Application\Home\Controller\IndexController.class.php 第 46 行.
NOTIC: [8] Use of undefined constant name - assumed 'name' F:\wamp\www\hotspots\Application\Home\Controller\IndexController.class.php 第 47 行.
NOTIC: [8] Use of undefined constant value - assumed 'value' F:\wamp\www\hotspots\Application\Home\Controller\IndexController.class.php 第 47 行.
NOTIC: [8] Use of undefined constant name - assumed 'name' F:\wamp\www\hotspots\Application\Home\Controller\IndexController.class.php 第 48 行.
NOTIC: [8] Use of undefined constant value - assumed 'value' F:\wamp\www\hotspots\Application\Home\Controller\IndexController.class.php 第 48 行.
NOTIC: [8] Use of undefined constant name - assumed 'name' F:\wamp\www\hotspots\Application\Home\Controller\IndexController.class.php 第 49 行.
NOTIC: [8] Use of undefined constant value - assumed 'value' F:\wamp\www\hotspots\Application\Home\Controller\IndexController.class.php 第 49 行.
NOTIC: [8] Use of undefined constant name - assumed 'name' F:\wamp\www\hotspots\Application\Home\Controller\IndexController.class.php 第 50 行.
NOTIC: [8] Use of undefined constant value - assumed 'value' F:\wamp\www\hotspots\Application\Home\Controller\IndexController.class.php 第 50 行.
NOTIC: [8] Use of undefined constant name - assumed 'name' F:\wamp\www\hotspots\Application\Home\Controller\IndexController.class.php 第 51 行.
NOTIC: [8] Use of undefined constant value - assumed 'value' F:\wamp\www\hotspots\Application\Home\Controller\IndexController.class.php 第 51 行.
NOTIC: [8] Use of undefined constant name - assumed 'name' F:\wamp\www\hotspots\Application\Home\Controller\IndexController.class.php 第 52 行.
NOTIC: [8] Use of undefined constant value - assumed 'value' F:\wamp\www\hotspots\Application\Home\Controller\IndexController.class.php 第 52 行.
NOTIC: [8] Use of undefined constant name - assumed 'name' F:\wamp\www\hotspots\Application\Home\Controller\IndexController.class.php 第 53 行.
NOTIC: [8] Use of undefined constant value - assumed 'value' F:\wamp\www\hotspots\Application\Home\Controller\IndexController.class.php 第 53 行.
NOTIC: [8] Use of undefined constant name - assumed 'name' F:\wamp\www\hotspots\Application\Home\Controller\IndexController.class.php 第 54 行.
NOTIC: [8] Use of undefined constant value - assumed 'value' F:\wamp\www\hotspots\Application\Home\Controller\IndexController.class.php 第 54 行.
NOTIC: [8] Use of undefined constant name - assumed 'name' F:\wamp\www\hotspots\Application\Home\Controller\IndexController.class.php 第 55 行.
NOTIC: [8] Use of undefined constant value - assumed 'value' F:\wamp\www\hotspots\Application\Home\Controller\IndexController.class.php 第 55 行.
NOTIC: [8] Use of undefined constant name - assumed 'name' F:\wamp\www\hotspots\Application\Home\Controller\IndexController.class.php 第 56 行.
NOTIC: [8] Use of undefined constant value - assumed 'value' F:\wamp\www\hotspots\Application\Home\Controller\IndexController.class.php 第 56 行.
NOTIC: [8] Use of undefined constant name - assumed 'name' F:\wamp\www\hotspots\Application\Home\Controller\IndexController.class.php 第 57 行.
NOTIC: [8] Use of undefined constant value - assumed 'value' F:\wamp\www\hotspots\Application\Home\Controller\IndexController.class.php 第 57 行.
NOTIC: [8] Use of undefined constant name - assumed 'name' F:\wamp\www\hotspots\Application\Home\Controller\IndexController.class.php 第 58 行.
NOTIC: [8] Use of undefined constant value - assumed 'value' F:\wamp\www\hotspots\Application\Home\Controller\IndexController.class.php 第 58 行.
NOTIC: [8] Use of undefined constant name - assumed 'name' F:\wamp\www\hotspots\Application\Home\Controller\IndexController.class.php 第 59 行.
NOTIC: [8] Use of undefined constant value - assumed 'value' F:\wamp\www\hotspots\Application\Home\Controller\IndexController.class.php 第 59 行.
NOTIC: [8] Use of undefined constant name - assumed 'name' F:\wamp\www\hotspots\Application\Home\Controller\IndexController.class.php 第 60 行.
NOTIC: [8] Use of undefined constant value - assumed 'value' F:\wamp\www\hotspots\Application\Home\Controller\IndexController.class.php 第 60 行.
NOTIC: [8] Use of undefined constant name - assumed 'name' F:\wamp\www\hotspots\Application\Home\Controller\IndexController.class.php 第 61 行.
NOTIC: [8] Use of undefined constant value - assumed 'value' F:\wamp\www\hotspots\Application\Home\Controller\IndexController.class.php 第 61 行.
NOTIC: [8] Use of undefined constant name - assumed 'name' F:\wamp\www\hotspots\Application\Home\Controller\IndexController.class.php 第 62 行.
NOTIC: [8] Use of undefined constant value - assumed 'value' F:\wamp\www\hotspots\Application\Home\Controller\IndexController.class.php 第 62 行.
NOTIC: [8] Use of undefined constant name - assumed 'name' F:\wamp\www\hotspots\Application\Home\Controller\IndexController.class.php 第 63 行.
NOTIC: [8] Use of undefined constant value - assumed 'value' F:\wamp\www\hotspots\Application\Home\Controller\IndexController.class.php 第 63 行.

[ 2016-05-06T23:52:31+08:00 ] 127.0.0.1 /hotspots/index.php/Home/Index/company.html
INFO: [ app_init ] --START--
INFO: Run Behavior\BuildLiteBehavior [ RunTime:0.000000s ]
INFO: [ app_init ] --END-- [ RunTime:0.015600s ]
INFO: [ app_begin ] --START--
INFO: Run Behavior\ReadHtmlCacheBehavior [ RunTime:0.000000s ]
INFO: [ app_begin ] --END-- [ RunTime:0.000000s ]
INFO: [ view_parse ] --START--
INFO: [ template_filter ] --START--
INFO: Run Behavior\ContentReplaceBehavior [ RunTime:0.015600s ]
INFO: [ template_filter ] --END-- [ RunTime:0.015600s ]
INFO: Run Behavior\ParseTemplateBehavior [ RunTime:0.140400s ]
INFO: [ view_parse ] --END-- [ RunTime:0.140400s ]
INFO: [ view_filter ] --START--
INFO: Run Behavior\WriteHtmlCacheBehavior [ RunTime:0.000000s ]
INFO: [ view_filter ] --END-- [ RunTime:0.000000s ]
INFO: [ app_end ] --START--
INFO: Run Behavior\ShowPageTraceBehavior [ RunTime:0.000000s ]
INFO: [ app_end ] --END-- [ RunTime:0.000000s ]

[ 2016-05-06T23:52:46+08:00 ] 127.0.0.1 /hotspots/index.php/Home/Index/index.html
INFO: [ app_init ] --START--
INFO: Run Behavior\BuildLiteBehavior [ RunTime:0.000000s ]
INFO: [ app_init ] --END-- [ RunTime:0.015600s ]
INFO: [ app_begin ] --START--
INFO: Run Behavior\ReadHtmlCacheBehavior [ RunTime:0.000000s ]
INFO: [ app_begin ] --END-- [ RunTime:0.000000s ]
INFO: [ view_parse ] --START--
INFO: [ template_filter ] --START--
INFO: Run Behavior\ContentReplaceBehavior [ RunTime:0.000000s ]
INFO: [ template_filter ] --END-- [ RunTime:0.000000s ]
INFO: Run Behavior\ParseTemplateBehavior [ RunTime:0.031200s ]
INFO: [ view_parse ] --END-- [ RunTime:0.031200s ]
INFO: [ view_filter ] --START--
INFO: Run Behavior\WriteHtmlCacheBehavior [ RunTime:0.000000s ]
INFO: [ view_filter ] --END-- [ RunTime:0.000000s ]
INFO: [ app_end ] --START--
INFO: Run Behavior\ShowPageTraceBehavior [ RunTime:0.000000s ]
INFO: [ app_end ] --END-- [ RunTime:0.000000s ]

[ 2016-05-06T23:52:47+08:00 ] 127.0.0.1 /hotspots/index.php/Home/Index/showChinaMapHotspots
INFO: [ app_init ] --START--
INFO: Run Behavior\BuildLiteBehavior [ RunTime:0.000000s ]
INFO: [ app_init ] --END-- [ RunTime:0.000000s ]
INFO: [ app_begin ] --START--
INFO: Run Behavior\ReadHtmlCacheBehavior [ RunTime:0.002500s ]
INFO: [ app_begin ] --END-- [ RunTime:0.002500s ]
NOTIC: [8] Use of undefined constant name - assumed 'name' F:\wamp\www\hotspots\Application\Home\Controller\IndexController.class.php 第 26 行.
NOTIC: [8] Use of undefined constant value - assumed 'value' F:\wamp\www\hotspots\Application\Home\Controller\IndexController.class.php 第 26 行.
NOTIC: [8] Use of undefined constant name - assumed 'name' F:\wamp\www\hotspots\Application\Home\Controller\IndexController.class.php 第 27 行.
NOTIC: [8] Use of undefined constant value - assumed 'value' F:\wamp\www\hotspots\Application\Home\Controller\IndexController.class.php 第 27 行.
NOTIC: [8] Use of undefined constant name - assumed 'name' F:\wamp\www\hotspots\Application\Home\Controller\IndexController.class.php 第 28 行.
NOTIC: [8] Use of undefined constant value - assumed 'value' F:\wamp\www\hotspots\Application\Home\Controller\IndexController.class.php 第 28 行.
NOTIC: [8] Use of undefined constant name - assumed 'name' F:\wamp\www\hotspots\Application\Home\Controller\IndexController.class.php 第 29 行.
NOTIC: [8] Use of undefined constant value - assumed 'value' F:\wamp\www\hotspots\Application\Home\Controller\IndexController.class.php 第 29 行.
NOTIC: [8] Use of undefined constant name - assumed 'name' F:\wamp\www\hotspots\Application\Home\Controller\IndexController.class.php 第 30 行.
NOTIC: [8] Use of undefined constant value - assumed 'value' F:\wamp\www\hotspots\Application\Home\Controller\IndexController.class.php 第 30 行.
NOTIC: [8] Use of undefined constant name - assumed 'name' F:\wamp\www\hotspots\Application\Home\Controller\IndexController.class.php 第 31 行.
NOTIC: [8] Use of undefined constant value - assumed 'value' F:\wamp\www\hotspots\Application\Home\Controller\IndexController.class.php 第 31 行.
NOTIC: [8] Use of undefined constant name - assumed 'name' F:\wamp\www\hotspots\Application\Home\Controller\IndexController.class.php 第 32 行.
NOTIC: [8] Use of undefined constant value - assumed 'value' F:\wamp\www\hotspots\Application\Home\Controller\IndexController.class.php 第 32 行.
NOTIC: [8] Use of undefined constant name - assumed 'name' F:\wamp\www\hotspots\Application\Home\Controller\IndexController.class.php 第 33 行.
NOTIC: [8] Use of undefined constant value - assumed 'value' F:\wamp\www\hotspots\Application\Home\Controller\IndexController.class.php 第 33 行.
NOTIC: [8] Use of undefined constant name - assumed 'name' F:\wamp\www\hotspots\Application\Home\Controller\IndexController.class.php 第 34 行.
NOTIC: [8] Use of undefined constant value - assumed 'value' F:\wamp\www\hotspots\Application\Home\Controller\IndexController.class.php 第 34 行.
NOTIC: [8] Use of undefined constant name - assumed 'name' F:\wamp\www\hotspots\Application\Home\Controller\IndexController.class.php 第 35 行.
NOTIC: [8] Use of undefined constant value - assumed 'value' F:\wamp\www\hotspots\Application\Home\Controller\IndexController.class.php 第 35 行.
NOTIC: [8] Use of undefined constant name - assumed 'name' F:\wamp\www\hotspots\Application\Home\Controller\IndexController.class.php 第 36 行.
NOTIC: [8] Use of undefined constant value - assumed 'value' F:\wamp\www\hotspots\Application\Home\Controller\IndexController.class.php 第 36 行.
NOTIC: [8] Use of undefined constant name - assumed 'name' F:\wamp\www\hotspots\Application\Home\Controller\IndexController.class.php 第 37 行.
NOTIC: [8] Use of undefined constant value - assumed 'value' F:\wamp\www\hotspots\Application\Home\Controller\IndexController.class.php 第 37 行.
NOTIC: [8] Use of undefined constant name - assumed 'name' F:\wamp\www\hotspots\Application\Home\Controller\IndexController.class.php 第 38 行.
NOTIC: [8] Use of undefined constant value - assumed 'value' F:\wamp\www\hotspots\Application\Home\Controller\IndexController.class.php 第 38 行.
NOTIC: [8] Use of undefined constant name - assumed 'name' F:\wamp\www\hotspots\Application\Home\Controller\IndexController.class.php 第 39 行.
NOTIC: [8] Use of undefined constant value - assumed 'value' F:\wamp\www\hotspots\Application\Home\Controller\IndexController.class.php 第 39 行.
NOTIC: [8] Use of undefined constant name - assumed 'name' F:\wamp\www\hotspots\Application\Home\Controller\IndexController.class.php 第 40 行.
NOTIC: [8] Use of undefined constant value - assumed 'value' F:\wamp\www\hotspots\Application\Home\Controller\IndexController.class.php 第 40 行.
NOTIC: [8] Use of undefined constant name - assumed 'name' F:\wamp\www\hotspots\Application\Home\Controller\IndexController.class.php 第 41 行.
NOTIC: [8] Use of undefined constant value - assumed 'value' F:\wamp\www\hotspots\Application\Home\Controller\IndexController.class.php 第 41 行.
NOTIC: [8] Use of undefined constant name - assumed 'name' F:\wamp\www\hotspots\Application\Home\Controller\IndexController.class.php 第 42 行.
NOTIC: [8] Use of undefined constant value - assumed 'value' F:\wamp\www\hotspots\Application\Home\Controller\IndexController.class.php 第 42 行.
NOTIC: [8] Use of undefined constant name - assumed 'name' F:\wamp\www\hotspots\Application\Home\Controller\IndexController.class.php 第 43 行.
NOTIC: [8] Use of undefined constant value - assumed 'value' F:\wamp\www\hotspots\Application\Home\Controller\IndexController.class.php 第 43 行.
NOTIC: [8] Use of undefined constant name - assumed 'name' F:\wamp\www\hotspots\Application\Home\Controller\IndexController.class.php 第 44 行.
NOTIC: [8] Use of undefined constant value - assumed 'value' F:\wamp\www\hotspots\Application\Home\Controller\IndexController.class.php 第 44 行.
NOTIC: [8] Use of undefined constant name - assumed 'name' F:\wamp\www\hotspots\Application\Home\Controller\IndexController.class.php 第 45 行.
NOTIC: [8] Use of undefined constant value - assumed 'value' F:\wamp\www\hotspots\Application\Home\Controller\IndexController.class.php 第 45 行.
NOTIC: [8] Use of undefined constant name - assumed 'name' F:\wamp\www\hotspots\Application\Home\Controller\IndexController.class.php 第 46 行.
NOTIC: [8] Use of undefined constant value - assumed 'value' F:\wamp\www\hotspots\Application\Home\Controller\IndexController.class.php 第 46 行.
NOTIC: [8] Use of undefined constant name - assumed 'name' F:\wamp\www\hotspots\Application\Home\Controller\IndexController.class.php 第 47 行.
NOTIC: [8] Use of undefined constant value - assumed 'value' F:\wamp\www\hotspots\Application\Home\Controller\IndexController.class.php 第 47 行.
NOTIC: [8] Use of undefined constant name - assumed 'name' F:\wamp\www\hotspots\Application\Home\Controller\IndexController.class.php 第 48 行.
NOTIC: [8] Use of undefined constant value - assumed 'value' F:\wamp\www\hotspots\Application\Home\Controller\IndexController.class.php 第 48 行.
NOTIC: [8] Use of undefined constant name - assumed 'name' F:\wamp\www\hotspots\Application\Home\Controller\IndexController.class.php 第 49 行.
NOTIC: [8] Use of undefined constant value - assumed 'value' F:\wamp\www\hotspots\Application\Home\Controller\IndexController.class.php 第 49 行.
NOTIC: [8] Use of undefined constant name - assumed 'name' F:\wamp\www\hotspots\Application\Home\Controller\IndexController.class.php 第 50 行.
NOTIC: [8] Use of undefined constant value - assumed 'value' F:\wamp\www\hotspots\Application\Home\Controller\IndexController.class.php 第 50 行.
NOTIC: [8] Use of undefined constant name - assumed 'name' F:\wamp\www\hotspots\Application\Home\Controller\IndexController.class.php 第 51 行.
NOTIC: [8] Use of undefined constant value - assumed 'value' F:\wamp\www\hotspots\Application\Home\Controller\IndexController.class.php 第 51 行.
NOTIC: [8] Use of undefined constant name - assumed 'name' F:\wamp\www\hotspots\Application\Home\Controller\IndexController.class.php 第 52 行.
NOTIC: [8] Use of undefined constant value - assumed 'value' F:\wamp\www\hotspots\Application\Home\Controller\IndexController.class.php 第 52 行.
NOTIC: [8] Use of undefined constant name - assumed 'name' F:\wamp\www\hotspots\Application\Home\Controller\IndexController.class.php 第 53 行.
NOTIC: [8] Use of undefined constant value - assumed 'value' F:\wamp\www\hotspots\Application\Home\Controller\IndexController.class.php 第 53 行.
NOTIC: [8] Use of undefined constant name - assumed 'name' F:\wamp\www\hotspots\Application\Home\Controller\IndexController.class.php 第 54 行.
NOTIC: [8] Use of undefined constant value - assumed 'value' F:\wamp\www\hotspots\Application\Home\Controller\IndexController.class.php 第 54 行.
NOTIC: [8] Use of undefined constant name - assumed 'name' F:\wamp\www\hotspots\Application\Home\Controller\IndexController.class.php 第 55 行.
NOTIC: [8] Use of undefined constant value - assumed 'value' F:\wamp\www\hotspots\Application\Home\Controller\IndexController.class.php 第 55 行.
NOTIC: [8] Use of undefined constant name - assumed 'name' F:\wamp\www\hotspots\Application\Home\Controller\IndexController.class.php 第 56 行.
NOTIC: [8] Use of undefined constant value - assumed 'value' F:\wamp\www\hotspots\Application\Home\Controller\IndexController.class.php 第 56 行.
NOTIC: [8] Use of undefined constant name - assumed 'name' F:\wamp\www\hotspots\Application\Home\Controller\IndexController.class.php 第 57 行.
NOTIC: [8] Use of undefined constant value - assumed 'value' F:\wamp\www\hotspots\Application\Home\Controller\IndexController.class.php 第 57 行.
NOTIC: [8] Use of undefined constant name - assumed 'name' F:\wamp\www\hotspots\Application\Home\Controller\IndexController.class.php 第 58 行.
NOTIC: [8] Use of undefined constant value - assumed 'value' F:\wamp\www\hotspots\Application\Home\Controller\IndexController.class.php 第 58 行.
NOTIC: [8] Use of undefined constant name - assumed 'name' F:\wamp\www\hotspots\Application\Home\Controller\IndexController.class.php 第 59 行.
NOTIC: [8] Use of undefined constant value - assumed 'value' F:\wamp\www\hotspots\Application\Home\Controller\IndexController.class.php 第 59 行.
NOTIC: [8] Use of undefined constant name - assumed 'name' F:\wamp\www\hotspots\Application\Home\Controller\IndexController.class.php 第 60 行.
NOTIC: [8] Use of undefined constant value - assumed 'value' F:\wamp\www\hotspots\Application\Home\Controller\IndexController.class.php 第 60 行.
NOTIC: [8] Use of undefined constant name - assumed 'name' F:\wamp\www\hotspots\Application\Home\Controller\IndexController.class.php 第 61 行.
NOTIC: [8] Use of undefined constant value - assumed 'value' F:\wamp\www\hotspots\Application\Home\Controller\IndexController.class.php 第 61 行.
NOTIC: [8] Use of undefined constant name - assumed 'name' F:\wamp\www\hotspots\Application\Home\Controller\IndexController.class.php 第 62 行.
NOTIC: [8] Use of undefined constant value - assumed 'value' F:\wamp\www\hotspots\Application\Home\Controller\IndexController.class.php 第 62 行.
NOTIC: [8] Use of undefined constant name - assumed 'name' F:\wamp\www\hotspots\Application\Home\Controller\IndexController.class.php 第 63 行.
NOTIC: [8] Use of undefined constant value - assumed 'value' F:\wamp\www\hotspots\Application\Home\Controller\IndexController.class.php 第 63 行.

