[ 2016-10-07T14:36:20+08:00 ] ::1 /hotspots/
INFO: [ app_init ] --START--
INFO: Run Behavior\BuildLiteBehavior [ RunTime:0.000000s ]
INFO: [ app_init ] --END-- [ RunTime:0.216013s ]
INFO: [ app_begin ] --START--
INFO: Run Behavior\ReadHtmlCacheBehavior [ RunTime:0.055003s ]
INFO: [ app_begin ] --END-- [ RunTime:0.058003s ]
INFO: [ view_parse ] --START--
INFO: [ template_filter ] --START--
INFO: Run Behavior\ContentReplaceBehavior [ RunTime:0.032002s ]
INFO: [ template_filter ] --END-- [ RunTime:0.032002s ]
INFO: Run Behavior\ParseTemplateBehavior [ RunTime:1.081062s ]
INFO: [ view_parse ] --END-- [ RunTime:1.082062s ]
INFO: [ view_filter ] --START--
INFO: Run Behavior\WriteHtmlCacheBehavior [ RunTime:0.041002s ]
INFO: [ view_filter ] --END-- [ RunTime:0.041002s ]
INFO: [ app_end ] --START--
INFO: Run Behavior\ShowPageTraceBehavior [ RunTime:0.085005s ]
INFO: [ app_end ] --END-- [ RunTime:0.086005s ]

[ 2016-10-07T14:36:28+08:00 ] ::1 /hotspots/index.php/Home/Index/showChinaMapHotspots
INFO: [ app_init ] --START--
INFO: Run Behavior\BuildLiteBehavior [ RunTime:0.000000s ]
INFO: [ app_init ] --END-- [ RunTime:0.001000s ]
INFO: [ app_begin ] --START--
INFO: Run Behavior\ReadHtmlCacheBehavior [ RunTime:0.001000s ]
INFO: [ app_begin ] --END-- [ RunTime:0.001000s ]
NOTIC: [8] Use of undefined constant name - assumed 'name' F:\wamp\www\hotspots\Application\Home\Controller\IndexController.class.php 第 26 行.
NOTIC: [8] Use of undefined constant value - assumed 'value' F:\wamp\www\hotspots\Application\Home\Controller\IndexController.class.php 第 26 行.
NOTIC: [8] Use of undefined constant name - assumed 'name' F:\wamp\www\hotspots\Application\Home\Controller\IndexController.class.php 第 27 行.
NOTIC: [8] Use of undefined constant value - assumed 'value' F:\wamp\www\hotspots\Application\Home\Controller\IndexController.class.php 第 27 行.
NOTIC: [8] Use of undefined constant name - assumed 'name' F:\wamp\www\hotspots\Application\Home\Controller\IndexController.class.php 第 28 行.
NOTIC: [8] Use of undefined constant value - assumed 'value' F:\wamp\www\hotspots\Application\Home\Controller\IndexController.class.php 第 28 行.
NOTIC: [8] Use of undefined constant name - assumed 'name' F:\wamp\www\hotspots\Application\Home\Controller\IndexController.class.php 第 29 行.
NOTIC: [8] Use of undefined constant value - assumed 'value' F:\wamp\www\hotspots\Application\Home\Controller\IndexController.class.php 第 29 行.
NOTIC: [8] Use of undefined constant name - assumed 'name' F:\wamp\www\hotspots\Application\Home\Controller\IndexController.class.php 第 30 行.
NOTIC: [8] Use of undefined constant value - assumed 'value' F:\wamp\www\hotspots\Application\Home\Controller\IndexController.class.php 第 30 行.
NOTIC: [8] Use of undefined constant name - assumed 'name' F:\wamp\www\hotspots\Application\Home\Controller\IndexController.class.php 第 31 行.
NOTIC: [8] Use of undefined constant value - assumed 'value' F:\wamp\www\hotspots\Application\Home\Controller\IndexController.class.php 第 31 行.
NOTIC: [8] Use of undefined constant name - assumed 'name' F:\wamp\www\hotspots\Application\Home\Controller\IndexController.class.php 第 32 行.
NOTIC: [8] Use of undefined constant value - assumed 'value' F:\wamp\www\hotspots\Application\Home\Controller\IndexController.class.php 第 32 行.
NOTIC: [8] Use of undefined constant name - assumed 'name' F:\wamp\www\hotspots\Application\Home\Controller\IndexController.class.php 第 33 行.
NOTIC: [8] Use of undefined constant value - assumed 'value' F:\wamp\www\hotspots\Application\Home\Controller\IndexController.class.php 第 33 行.
NOTIC: [8] Use of undefined constant name - assumed 'name' F:\wamp\www\hotspots\Application\Home\Controller\IndexController.class.php 第 34 行.
NOTIC: [8] Use of undefined constant value - assumed 'value' F:\wamp\www\hotspots\Application\Home\Controller\IndexController.class.php 第 34 行.
NOTIC: [8] Use of undefined constant name - assumed 'name' F:\wamp\www\hotspots\Application\Home\Controller\IndexController.class.php 第 35 行.
NOTIC: [8] Use of undefined constant value - assumed 'value' F:\wamp\www\hotspots\Application\Home\Controller\IndexController.class.php 第 35 行.
NOTIC: [8] Use of undefined constant name - assumed 'name' F:\wamp\www\hotspots\Application\Home\Controller\IndexController.class.php 第 36 行.
NOTIC: [8] Use of undefined constant value - assumed 'value' F:\wamp\www\hotspots\Application\Home\Controller\IndexController.class.php 第 36 行.
NOTIC: [8] Use of undefined constant name - assumed 'name' F:\wamp\www\hotspots\Application\Home\Controller\IndexController.class.php 第 37 行.
NOTIC: [8] Use of undefined constant value - assumed 'value' F:\wamp\www\hotspots\Application\Home\Controller\IndexController.class.php 第 37 行.
NOTIC: [8] Use of undefined constant name - assumed 'name' F:\wamp\www\hotspots\Application\Home\Controller\IndexController.class.php 第 38 行.
NOTIC: [8] Use of undefined constant value - assumed 'value' F:\wamp\www\hotspots\Application\Home\Controller\IndexController.class.php 第 38 行.
NOTIC: [8] Use of undefined constant name - assumed 'name' F:\wamp\www\hotspots\Application\Home\Controller\IndexController.class.php 第 39 行.
NOTIC: [8] Use of undefined constant value - assumed 'value' F:\wamp\www\hotspots\Application\Home\Controller\IndexController.class.php 第 39 行.
NOTIC: [8] Use of undefined constant name - assumed 'name' F:\wamp\www\hotspots\Application\Home\Controller\IndexController.class.php 第 40 行.
NOTIC: [8] Use of undefined constant value - assumed 'value' F:\wamp\www\hotspots\Application\Home\Controller\IndexController.class.php 第 40 行.
NOTIC: [8] Use of undefined constant name - assumed 'name' F:\wamp\www\hotspots\Application\Home\Controller\IndexController.class.php 第 41 行.
NOTIC: [8] Use of undefined constant value - assumed 'value' F:\wamp\www\hotspots\Application\Home\Controller\IndexController.class.php 第 41 行.
NOTIC: [8] Use of undefined constant name - assumed 'name' F:\wamp\www\hotspots\Application\Home\Controller\IndexController.class.php 第 42 行.
NOTIC: [8] Use of undefined constant value - assumed 'value' F:\wamp\www\hotspots\Application\Home\Controller\IndexController.class.php 第 42 行.
NOTIC: [8] Use of undefined constant name - assumed 'name' F:\wamp\www\hotspots\Application\Home\Controller\IndexController.class.php 第 43 行.
NOTIC: [8] Use of undefined constant value - assumed 'value' F:\wamp\www\hotspots\Application\Home\Controller\IndexController.class.php 第 43 行.
NOTIC: [8] Use of undefined constant name - assumed 'name' F:\wamp\www\hotspots\Application\Home\Controller\IndexController.class.php 第 44 行.
NOTIC: [8] Use of undefined constant value - assumed 'value' F:\wamp\www\hotspots\Application\Home\Controller\IndexController.class.php 第 44 行.
NOTIC: [8] Use of undefined constant name - assumed 'name' F:\wamp\www\hotspots\Application\Home\Controller\IndexController.class.php 第 45 行.
NOTIC: [8] Use of undefined constant value - assumed 'value' F:\wamp\www\hotspots\Application\Home\Controller\IndexController.class.php 第 45 行.
NOTIC: [8] Use of undefined constant name - assumed 'name' F:\wamp\www\hotspots\Application\Home\Controller\IndexController.class.php 第 46 行.
NOTIC: [8] Use of undefined constant value - assumed 'value' F:\wamp\www\hotspots\Application\Home\Controller\IndexController.class.php 第 46 行.
NOTIC: [8] Use of undefined constant name - assumed 'name' F:\wamp\www\hotspots\Application\Home\Controller\IndexController.class.php 第 47 行.
NOTIC: [8] Use of undefined constant value - assumed 'value' F:\wamp\www\hotspots\Application\Home\Controller\IndexController.class.php 第 47 行.
NOTIC: [8] Use of undefined constant name - assumed 'name' F:\wamp\www\hotspots\Application\Home\Controller\IndexController.class.php 第 48 行.
NOTIC: [8] Use of undefined constant value - assumed 'value' F:\wamp\www\hotspots\Application\Home\Controller\IndexController.class.php 第 48 行.
NOTIC: [8] Use of undefined constant name - assumed 'name' F:\wamp\www\hotspots\Application\Home\Controller\IndexController.class.php 第 49 行.
NOTIC: [8] Use of undefined constant value - assumed 'value' F:\wamp\www\hotspots\Application\Home\Controller\IndexController.class.php 第 49 行.
NOTIC: [8] Use of undefined constant name - assumed 'name' F:\wamp\www\hotspots\Application\Home\Controller\IndexController.class.php 第 50 行.
NOTIC: [8] Use of undefined constant value - assumed 'value' F:\wamp\www\hotspots\Application\Home\Controller\IndexController.class.php 第 50 行.
NOTIC: [8] Use of undefined constant name - assumed 'name' F:\wamp\www\hotspots\Application\Home\Controller\IndexController.class.php 第 51 行.
NOTIC: [8] Use of undefined constant value - assumed 'value' F:\wamp\www\hotspots\Application\Home\Controller\IndexController.class.php 第 51 行.
NOTIC: [8] Use of undefined constant name - assumed 'name' F:\wamp\www\hotspots\Application\Home\Controller\IndexController.class.php 第 52 行.
NOTIC: [8] Use of undefined constant value - assumed 'value' F:\wamp\www\hotspots\Application\Home\Controller\IndexController.class.php 第 52 行.
NOTIC: [8] Use of undefined constant name - assumed 'name' F:\wamp\www\hotspots\Application\Home\Controller\IndexController.class.php 第 53 行.
NOTIC: [8] Use of undefined constant value - assumed 'value' F:\wamp\www\hotspots\Application\Home\Controller\IndexController.class.php 第 53 行.
NOTIC: [8] Use of undefined constant name - assumed 'name' F:\wamp\www\hotspots\Application\Home\Controller\IndexController.class.php 第 54 行.
NOTIC: [8] Use of undefined constant value - assumed 'value' F:\wamp\www\hotspots\Application\Home\Controller\IndexController.class.php 第 54 行.
NOTIC: [8] Use of undefined constant name - assumed 'name' F:\wamp\www\hotspots\Application\Home\Controller\IndexController.class.php 第 55 行.
NOTIC: [8] Use of undefined constant value - assumed 'value' F:\wamp\www\hotspots\Application\Home\Controller\IndexController.class.php 第 55 行.
NOTIC: [8] Use of undefined constant name - assumed 'name' F:\wamp\www\hotspots\Application\Home\Controller\IndexController.class.php 第 56 行.
NOTIC: [8] Use of undefined constant value - assumed 'value' F:\wamp\www\hotspots\Application\Home\Controller\IndexController.class.php 第 56 行.
NOTIC: [8] Use of undefined constant name - assumed 'name' F:\wamp\www\hotspots\Application\Home\Controller\IndexController.class.php 第 57 行.
NOTIC: [8] Use of undefined constant value - assumed 'value' F:\wamp\www\hotspots\Application\Home\Controller\IndexController.class.php 第 57 行.
NOTIC: [8] Use of undefined constant name - assumed 'name' F:\wamp\www\hotspots\Application\Home\Controller\IndexController.class.php 第 58 行.
NOTIC: [8] Use of undefined constant value - assumed 'value' F:\wamp\www\hotspots\Application\Home\Controller\IndexController.class.php 第 58 行.
NOTIC: [8] Use of undefined constant name - assumed 'name' F:\wamp\www\hotspots\Application\Home\Controller\IndexController.class.php 第 59 行.
NOTIC: [8] Use of undefined constant value - assumed 'value' F:\wamp\www\hotspots\Application\Home\Controller\IndexController.class.php 第 59 行.
NOTIC: [8] Use of undefined constant name - assumed 'name' F:\wamp\www\hotspots\Application\Home\Controller\IndexController.class.php 第 60 行.
NOTIC: [8] Use of undefined constant value - assumed 'value' F:\wamp\www\hotspots\Application\Home\Controller\IndexController.class.php 第 60 行.
NOTIC: [8] Use of undefined constant name - assumed 'name' F:\wamp\www\hotspots\Application\Home\Controller\IndexController.class.php 第 61 行.
NOTIC: [8] Use of undefined constant value - assumed 'value' F:\wamp\www\hotspots\Application\Home\Controller\IndexController.class.php 第 61 行.
NOTIC: [8] Use of undefined constant name - assumed 'name' F:\wamp\www\hotspots\Application\Home\Controller\IndexController.class.php 第 62 行.
NOTIC: [8] Use of undefined constant value - assumed 'value' F:\wamp\www\hotspots\Application\Home\Controller\IndexController.class.php 第 62 行.
NOTIC: [8] Use of undefined constant name - assumed 'name' F:\wamp\www\hotspots\Application\Home\Controller\IndexController.class.php 第 63 行.
NOTIC: [8] Use of undefined constant value - assumed 'value' F:\wamp\www\hotspots\Application\Home\Controller\IndexController.class.php 第 63 行.

