[ 2015-12-22T10:14:52+08:00 ] ::1 /thinkphp/jquery-1.10.2.min.js
INFO: [ app_init ] --START--
INFO: Run Behavior\BuildLiteBehavior [ RunTime:0.000036s ]
INFO: [ app_init ] --END-- [ RunTime:0.000865s ]
ERR: 无法加载模块:Jquery-1.10.2.min

[ 2015-12-22T10:14:52+08:00 ] ::1 /thinkphp/jBootsrapPage.css
INFO: [ app_init ] --START--
INFO: Run Behavior\BuildLiteBehavior [ RunTime:0.000036s ]
INFO: [ app_init ] --END-- [ RunTime:0.000751s ]
ERR: 无法加载模块:JBootsrapPage


[ 2015-12-22T10:15:23+08:00 ] ::1 /thinkphp/jquery-1.10.2.min.js
INFO: [ app_init ] --START--
INFO: Run Behavior\BuildLiteBehavior [ RunTime:0.000035s ]
INFO: [ app_init ] --END-- [ RunTime:0.000798s ]
ERR: 无法加载模块:Jquery-1.10.2.min

[ 2015-12-22T10:15:23+08:00 ] ::1 /thinkphp/jBootsrapPage.css
INFO: [ app_init ] --START--
INFO: Run Behavior\BuildLiteBehavior [ RunTime:0.000067s ]
INFO: [ app_init ] --END-- [ RunTime:0.001215s ]
ERR: 无法加载模块:JBootsrapPage

[ 2015-12-22T10:15:23+08:00 ] ::1 /thinkphp/jBootstrapPage.js
INFO: [ app_init ] --START--
INFO: Run Behavior\BuildLiteBehavior [ RunTime:0.000036s ]
INFO: [ app_init ] --END-- [ RunTime:0.000753s ]
ERR: 无法加载模块:JBootstrapPage

[ 2015-12-22T10:15:24+08:00 ] ::1 /thinkphp/jBootsrapPage.css
INFO: [ app_init ] --START--
INFO: Run Behavior\BuildLiteBehavior [ RunTime:0.000059s ]
INFO: [ app_init ] --END-- [ RunTime:0.001056s ]
ERR: 无法加载模块:JBootsrapPage

[ 2015-12-22T10:15:24+08:00 ] ::1 /thinkphp/jBootstrapPage.js
INFO: [ app_init ] --START--
INFO: Run Behavior\BuildLiteBehavior [ RunTime:0.000065s ]
INFO: [ app_init ] --END-- [ RunTime:0.000842s ]
ERR: 无法加载模块:JBootstrapPage

[ 2015-12-22T10:15:24+08:00 ] ::1 /thinkphp/jquery-1.10.2.min.js
INFO: [ app_init ] --START--
INFO: Run Behavior\BuildLiteBehavior [ RunTime:0.000037s ]
INFO: [ app_init ] --END-- [ RunTime:0.000775s ]
ERR: 无法加载模块:Jquery-1.10.2.min

[ 2015-12-22T10:15:25+08:00 ] ::1 /thinkphp/jBootsrapPage.css
INFO: [ app_init ] --START--
INFO: Run Behavior\BuildLiteBehavior [ RunTime:0.000064s ]
INFO: [ app_init ] --END-- [ RunTime:0.001140s ]
ERR: 无法加载模块:JBootsrapPage

[ 2015-12-22T10:15:25+08:00 ] ::1 /thinkphp/jBootstrapPage.js
INFO: [ app_init ] --START--
INFO: Run Behavior\BuildLiteBehavior [ RunTime:0.000063s ]
INFO: [ app_init ] --END-- [ RunTime:0.001071s ]
ERR: 无法加载模块:JBootstrapPage

[ 2015-12-22T10:15:25+08:00 ] ::1 /thinkphp/jquery-1.10.2.min.js
INFO: [ app_init ] --START--
INFO: Run Behavior\BuildLiteBehavior [ RunTime:0.000047s ]
INFO: [ app_init ] --END-- [ RunTime:0.000694s ]
ERR: 无法加载模块:Jquery-1.10.2.min

[ 2015-12-22T10:15:25+08:00 ] ::1 /thinkphp/jquery-1.10.2.min.js
INFO: [ app_init ] --START--
INFO: Run Behavior\BuildLiteBehavior [ RunTime:0.000133s ]
INFO: [ app_init ] --END-- [ RunTime:0.001399s ]
ERR: 无法加载模块:Jquery-1.10.2.min

[ 2015-12-22T10:15:25+08:00 ] ::1 /thinkphp/jBootstrapPage.js
INFO: [ app_init ] --START--
INFO: Run Behavior\BuildLiteBehavior [ RunTime:0.000101s ]
INFO: [ app_init ] --END-- [ RunTime:0.001468s ]
ERR: 无法加载模块:JBootstrapPage

[ 2015-12-22T10:15:25+08:00 ] ::1 /thinkphp/jBootsrapPage.css
INFO: [ app_init ] --START--
INFO: Run Behavior\BuildLiteBehavior [ RunTime:0.000069s ]
INFO: [ app_init ] --END-- [ RunTime:0.001312s ]
ERR: 无法加载模块:JBootsrapPage

[ 2015-12-22T10:29:02+08:00 ] ::1 /thinkphp/Public/js/jquery-1.10.2.min.map
INFO: [ app_init ] --START--
INFO: Run Behavior\BuildLiteBehavior [ RunTime:0.000036s ]
INFO: [ app_init ] --END-- [ RunTime:0.000700s ]
ERR: 无法加载模块:Public

[ 2015-12-22T18:01:45+08:00 ] ::1 /thinkphp/index/hello
INFO: [ app_init ] --START--
INFO: Run Behavior\BuildLiteBehavior [ RunTime:0.000066s ]
INFO: [ app_init ] --END-- [ RunTime:0.001096s ]
ERR: 无法加载模块:Index

[ 2015-12-22T18:01:52+08:00 ] ::1 /thinkphp/Index/hello
INFO: [ app_init ] --START--
INFO: Run Behavior\BuildLiteBehavior [ RunTime:0.000063s ]
INFO: [ app_init ] --END-- [ RunTime:0.001364s ]
ERR: 无法加载模块:Index

[ 2015-12-22T18:01:56+08:00 ] ::1 /thinkphp/Index/hello.html
INFO: [ app_init ] --START--
INFO: Run Behavior\BuildLiteBehavior [ RunTime:0.000035s ]
INFO: [ app_init ] --END-- [ RunTime:0.000813s ]
ERR: 无法加载模块:Index

[ 2015-12-22T21:12:17+08:00 ] ::1 /thinkphp/Index/hello
INFO: [ app_init ] --START--
INFO: Run Behavior\BuildLiteBehavior [ RunTime:0.000040s ]
INFO: [ app_init ] --END-- [ RunTime:0.013432s ]
ERR: 无法加载模块:Index

[ 2015-12-22T21:12:25+08:00 ] ::1 /thinkphp/Index/hello.php
INFO: [ app_init ] --START--
INFO: Run Behavior\BuildLiteBehavior [ RunTime:0.000038s ]
INFO: [ app_init ] --END-- [ RunTime:0.000903s ]
ERR: 无法加载模块:Index

[ 2015-12-22T21:12:29+08:00 ] ::1 /thinkphp/Index/hello.html
INFO: [ app_init ] --START--
INFO: Run Behavior\BuildLiteBehavior [ RunTime:0.000058s ]
INFO: [ app_init ] --END-- [ RunTime:0.001212s ]
ERR: 无法加载模块:Index

[ 2015-12-22T21:12:32+08:00 ] ::1 /thinkphp/Index/hello
INFO: [ app_init ] --START--
INFO: Run Behavior\BuildLiteBehavior [ RunTime:0.000089s ]
INFO: [ app_init ] --END-- [ RunTime:0.001745s ]
ERR: 无法加载模块:Index

[ 2015-12-22T21:13:13+08:00 ] ::1 /thinkphp/Index/index.html
INFO: [ app_init ] --START--
INFO: Run Behavior\BuildLiteBehavior [ RunTime:0.000038s ]
INFO: [ app_init ] --END-- [ RunTime:0.000855s ]
ERR: 无法加载模块:Index

[ 2015-12-22T21:13:15+08:00 ] ::1 /thinkphp/Index/index.html
INFO: [ app_init ] --START--
INFO: Run Behavior\BuildLiteBehavior [ RunTime:0.000040s ]
INFO: [ app_init ] --END-- [ RunTime:0.000932s ]
ERR: 无法加载模块:Index

[ 2015-12-22T21:13:16+08:00 ] ::1 /thinkphp/Index/index.html
INFO: [ app_init ] --START--
INFO: Run Behavior\BuildLiteBehavior [ RunTime:0.000066s ]
INFO: [ app_init ] --END-- [ RunTime:0.001070s ]
ERR: 无法加载模块:Index

[ 2015-12-22T21:13:51+08:00 ] ::1 /thinkphp/Index/index.html
INFO: [ app_init ] --START--
INFO: Run Behavior\BuildLiteBehavior [ RunTime:0.000060s ]
INFO: [ app_init ] --END-- [ RunTime:0.001081s ]
ERR: 无法加载模块:Index

[ 2015-12-22T21:13:52+08:00 ] ::1 /thinkphp/Index/index.html
INFO: [ app_init ] --START--
INFO: Run Behavior\BuildLiteBehavior [ RunTime:0.000036s ]
INFO: [ app_init ] --END-- [ RunTime:0.000770s ]
ERR: 无法加载模块:Index

[ 2015-12-22T21:14:11+08:00 ] ::1 /thinkphp/Index
INFO: [ app_init ] --START--
INFO: Run Behavior\BuildLiteBehavior [ RunTime:0.000036s ]
INFO: [ app_init ] --END-- [ RunTime:0.000887s ]
ERR: 无法加载模块:Index

[ 2015-12-22T21:14:32+08:00 ] ::1 /thinkphp/Index
INFO: [ app_init ] --START--
INFO: Run Behavior\BuildLiteBehavior [ RunTime:0.000039s ]
INFO: [ app_init ] --END-- [ RunTime:0.001028s ]
ERR: 无法加载模块:Index

[ 2015-12-22T21:14:33+08:00 ] ::1 /thinkphp/Index
INFO: [ app_init ] --START--
INFO: Run Behavior\BuildLiteBehavior [ RunTime:0.000036s ]
INFO: [ app_init ] --END-- [ RunTime:0.000744s ]
ERR: 无法加载模块:Index

[ 2015-12-22T21:14:33+08:00 ] ::1 /thinkphp/Index
INFO: [ app_init ] --START--
INFO: Run Behavior\BuildLiteBehavior [ RunTime:0.000037s ]
INFO: [ app_init ] --END-- [ RunTime:0.000804s ]
ERR: 无法加载模块:Index

[ 2015-12-22T21:14:33+08:00 ] ::1 /thinkphp/Index
INFO: [ app_init ] --START--
INFO: Run Behavior\BuildLiteBehavior [ RunTime:0.000072s ]
INFO: [ app_init ] --END-- [ RunTime:0.001267s ]
ERR: 无法加载模块:Index

[ 2015-12-22T21:14:34+08:00 ] ::1 /thinkphp/Index
INFO: [ app_init ] --START--
INFO: Run Behavior\BuildLiteBehavior [ RunTime:0.000038s ]
INFO: [ app_init ] --END-- [ RunTime:0.000951s ]
ERR: 无法加载模块:Index

[ 2015-12-22T21:14:38+08:00 ] ::1 /thinkphp/Index/index
INFO: [ app_init ] --START--
INFO: Run Behavior\BuildLiteBehavior [ RunTime:0.000037s ]
INFO: [ app_init ] --END-- [ RunTime:0.001120s ]
ERR: 无法加载模块:Index

[ 2015-12-22T21:14:41+08:00 ] ::1 /thinkphp/Index/index.html
INFO: [ app_init ] --START--
INFO: Run Behavior\BuildLiteBehavior [ RunTime:0.000038s ]
INFO: [ app_init ] --END-- [ RunTime:0.000833s ]
ERR: 无法加载模块:Index

[ 2015-12-22T21:15:59+08:00 ] ::1 /thinkphp/Index/index.html
INFO: [ app_init ] --START--
INFO: Run Behavior\BuildLiteBehavior [ RunTime:0.000037s ]
INFO: [ app_init ] --END-- [ RunTime:0.000972s ]
ERR: 无法加载模块:Index

[ 2015-12-22T21:16:01+08:00 ] ::1 /thinkphp/Index/index.html
INFO: [ app_init ] --START--
INFO: Run Behavior\BuildLiteBehavior [ RunTime:0.000070s ]
INFO: [ app_init ] --END-- [ RunTime:0.001157s ]
ERR: 无法加载模块:Index

[ 2015-12-22T21:16:02+08:00 ] ::1 /thinkphp/Index/index.html
INFO: [ app_init ] --START--
INFO: Run Behavior\BuildLiteBehavior [ RunTime:0.000037s ]
INFO: [ app_init ] --END-- [ RunTime:0.000811s ]
ERR: 无法加载模块:Index

[ 2015-12-22T21:16:09+08:00 ] ::1 /thinkphp/Index
INFO: [ app_init ] --START--
INFO: Run Behavior\BuildLiteBehavior [ RunTime:0.000065s ]
INFO: [ app_init ] --END-- [ RunTime:0.001012s ]
ERR: 无法加载模块:Index

[ 2015-12-22T21:16:21+08:00 ] ::1 /thinkphp/Index/index
INFO: [ app_init ] --START--
INFO: Run Behavior\BuildLiteBehavior [ RunTime:0.000038s ]
INFO: [ app_init ] --END-- [ RunTime:0.000908s ]
ERR: 无法加载模块:Index

[ 2015-12-22T21:16:51+08:00 ] ::1 /thinkphp/Index/index
INFO: [ app_init ] --START--
INFO: Run Behavior\BuildLiteBehavior [ RunTime:0.000037s ]
INFO: [ app_init ] --END-- [ RunTime:0.000858s ]
ERR: 无法加载模块:Index

[ 2015-12-22T21:16:54+08:00 ] ::1 /thinkphp/Index/index
INFO: [ app_init ] --START--
INFO: Run Behavior\BuildLiteBehavior [ RunTime:0.000037s ]
INFO: [ app_init ] --END-- [ RunTime:0.000896s ]
ERR: 无法加载模块:Index

[ 2015-12-22T21:17:39+08:00 ] ::1 /thinkphp/Index/index
INFO: [ app_init ] --START--
INFO: Run Behavior\BuildLiteBehavior [ RunTime:0.000038s ]
INFO: [ app_init ] --END-- [ RunTime:0.000812s ]
ERR: 无法加载模块:Index

[ 2015-12-22T21:17:40+08:00 ] ::1 /thinkphp/Index/index
INFO: [ app_init ] --START--
INFO: Run Behavior\BuildLiteBehavior [ RunTime:0.000072s ]
INFO: [ app_init ] --END-- [ RunTime:0.000972s ]
ERR: 无法加载模块:Index

[ 2015-12-22T21:19:45+08:00 ] ::1 /thinkphp/Index/index
INFO: [ app_init ] --START--
INFO: Run Behavior\BuildLiteBehavior [ RunTime:0.000037s ]
INFO: [ app_init ] --END-- [ RunTime:0.000749s ]
ERR: 无法加载模块:Index

[ 2015-12-22T21:19:46+08:00 ] ::1 /thinkphp/Index/index
INFO: [ app_init ] --START--
INFO: Run Behavior\BuildLiteBehavior [ RunTime:0.000036s ]
INFO: [ app_init ] --END-- [ RunTime:0.000816s ]
ERR: 无法加载模块:Index

[ 2015-12-22T21:19:47+08:00 ] ::1 /thinkphp/Index/index
INFO: [ app_init ] --START--
INFO: Run Behavior\BuildLiteBehavior [ RunTime:0.000039s ]
INFO: [ app_init ] --END-- [ RunTime:0.000818s ]
ERR: 无法加载模块:Index

[ 2015-12-22T21:19:47+08:00 ] ::1 /thinkphp/Index/index
INFO: [ app_init ] --START--
INFO: Run Behavior\BuildLiteBehavior [ RunTime:0.000080s ]
INFO: [ app_init ] --END-- [ RunTime:0.001017s ]
ERR: 无法加载模块:Index

[ 2015-12-22T21:19:47+08:00 ] ::1 /thinkphp/Index/index
INFO: [ app_init ] --START--
INFO: Run Behavior\BuildLiteBehavior [ RunTime:0.000038s ]
INFO: [ app_init ] --END-- [ RunTime:0.000779s ]
ERR: 无法加载模块:Index

[ 2015-12-22T21:19:47+08:00 ] ::1 /thinkphp/Index/index
INFO: [ app_init ] --START--
INFO: Run Behavior\BuildLiteBehavior [ RunTime:0.000064s ]
INFO: [ app_init ] --END-- [ RunTime:0.001003s ]
ERR: 无法加载模块:Index

[ 2015-12-22T21:20:31+08:00 ] ::1 /thinkphp/Index/index
INFO: [ app_init ] --START--
INFO: Run Behavior\BuildLiteBehavior [ RunTime:0.000064s ]
INFO: [ app_init ] --END-- [ RunTime:0.001124s ]
ERR: 无法加载模块:Index

[ 2015-12-22T21:20:35+08:00 ] ::1 /thinkphp/Index/Index
INFO: [ app_init ] --START--
INFO: Run Behavior\BuildLiteBehavior [ RunTime:0.000039s ]
INFO: [ app_init ] --END-- [ RunTime:0.000829s ]
ERR: 无法加载模块:Index

[ 2015-12-22T21:22:05+08:00 ] ::1 /thinkphp/Index/Index
INFO: [ app_init ] --START--
INFO: Run Behavior\BuildLiteBehavior [ RunTime:0.000035s ]
INFO: [ app_init ] --END-- [ RunTime:0.000740s ]
ERR: 无法加载模块:Index

[ 2015-12-22T21:22:06+08:00 ] ::1 /thinkphp/Index/Index
INFO: [ app_init ] --START--
INFO: Run Behavior\BuildLiteBehavior [ RunTime:0.000035s ]
INFO: [ app_init ] --END-- [ RunTime:0.000776s ]
ERR: 无法加载模块:Index

[ 2015-12-22T21:22:07+08:00 ] ::1 /thinkphp/Index/Index
INFO: [ app_init ] --START--
INFO: Run Behavior\BuildLiteBehavior [ RunTime:0.000037s ]
INFO: [ app_init ] --END-- [ RunTime:0.000825s ]
ERR: 无法加载模块:Index

[ 2015-12-22T21:22:07+08:00 ] ::1 /thinkphp/Index/Index
INFO: [ app_init ] --START--
INFO: Run Behavior\BuildLiteBehavior [ RunTime:0.000037s ]
INFO: [ app_init ] --END-- [ RunTime:0.000740s ]
ERR: 无法加载模块:Index

[ 2015-12-22T21:22:07+08:00 ] ::1 /thinkphp/Index/Index
INFO: [ app_init ] --START--
INFO: Run Behavior\BuildLiteBehavior [ RunTime:0.000068s ]
INFO: [ app_init ] --END-- [ RunTime:0.001216s ]
ERR: 无法加载模块:Index

[ 2015-12-22T21:23:14+08:00 ] ::1 /thinkphp/Index/index
INFO: [ app_init ] --START--
INFO: Run Behavior\BuildLiteBehavior [ RunTime:0.000072s ]
INFO: [ app_init ] --END-- [ RunTime:0.001393s ]
ERR: 无法加载模块:Index

[ 2015-12-22T21:24:08+08:00 ] ::1 /thinkphp/Index/index
INFO: [ app_init ] --START--
INFO: Run Behavior\BuildLiteBehavior [ RunTime:0.000037s ]
INFO: [ app_init ] --END-- [ RunTime:0.000778s ]
ERR: 无法加载模块:Index

[ 2015-12-22T21:24:08+08:00 ] ::1 /thinkphp/Index/index
INFO: [ app_init ] --START--
INFO: Run Behavior\BuildLiteBehavior [ RunTime:0.000038s ]
INFO: [ app_init ] --END-- [ RunTime:0.000870s ]
ERR: 无法加载模块:Index

[ 2015-12-22T21:24:09+08:00 ] ::1 /thinkphp/Index/index
INFO: [ app_init ] --START--
INFO: Run Behavior\BuildLiteBehavior [ RunTime:0.000070s ]
INFO: [ app_init ] --END-- [ RunTime:0.001197s ]
ERR: 无法加载模块:Index

[ 2015-12-22T21:24:09+08:00 ] ::1 /thinkphp/Index/index
INFO: [ app_init ] --START--
INFO: Run Behavior\BuildLiteBehavior [ RunTime:0.000039s ]
INFO: [ app_init ] --END-- [ RunTime:0.000919s ]
ERR: 无法加载模块:Index

[ 2015-12-22T21:24:09+08:00 ] ::1 /thinkphp/Index/index
INFO: [ app_init ] --START--
INFO: Run Behavior\BuildLiteBehavior [ RunTime:0.000056s ]
INFO: [ app_init ] --END-- [ RunTime:0.000910s ]
ERR: 无法加载模块:Index

[ 2015-12-22T21:24:09+08:00 ] ::1 /thinkphp/Index/index
INFO: [ app_init ] --START--
INFO: Run Behavior\BuildLiteBehavior [ RunTime:0.000038s ]
INFO: [ app_init ] --END-- [ RunTime:0.000836s ]
ERR: 无法加载模块:Index

[ 2015-12-22T21:24:10+08:00 ] ::1 /thinkphp/Index/index
INFO: [ app_init ] --START--
INFO: Run Behavior\BuildLiteBehavior [ RunTime:0.000060s ]
INFO: [ app_init ] --END-- [ RunTime:0.001828s ]
ERR: 无法加载模块:Index

[ 2015-12-22T21:24:29+08:00 ] ::1 /thinkphp/Index/index
INFO: [ app_init ] --START--
INFO: Run Behavior\BuildLiteBehavior [ RunTime:0.000039s ]
INFO: [ app_init ] --END-- [ RunTime:0.001065s ]
ERR: 无法加载模块:Index

[ 2015-12-22T21:24:30+08:00 ] ::1 /thinkphp/Index/index
INFO: [ app_init ] --START--
INFO: Run Behavior\BuildLiteBehavior [ RunTime:0.000037s ]
INFO: [ app_init ] --END-- [ RunTime:0.000821s ]
ERR: 无法加载模块:Index

[ 2015-12-22T21:24:30+08:00 ] ::1 /thinkphp/Index/index
INFO: [ app_init ] --START--
INFO: Run Behavior\BuildLiteBehavior [ RunTime:0.000063s ]
INFO: [ app_init ] --END-- [ RunTime:0.001030s ]
ERR: 无法加载模块:Index

[ 2015-12-22T21:24:30+08:00 ] ::1 /thinkphp/Index/index
INFO: [ app_init ] --START--
INFO: Run Behavior\BuildLiteBehavior [ RunTime:0.000037s ]
INFO: [ app_init ] --END-- [ RunTime:0.000783s ]
ERR: 无法加载模块:Index

[ 2015-12-22T21:24:46+08:00 ] ::1 /thinkphp/Index/index
INFO: [ app_init ] --START--
INFO: Run Behavior\BuildLiteBehavior [ RunTime:0.000037s ]
INFO: [ app_init ] --END-- [ RunTime:0.000902s ]
ERR: 无法加载模块:Index

[ 2015-12-22T21:24:47+08:00 ] ::1 /thinkphp/Index/index
INFO: [ app_init ] --START--
INFO: Run Behavior\BuildLiteBehavior [ RunTime:0.000038s ]
INFO: [ app_init ] --END-- [ RunTime:0.000869s ]
ERR: 无法加载模块:Index

[ 2015-12-22T21:24:47+08:00 ] ::1 /thinkphp/Index/index
INFO: [ app_init ] --START--
INFO: Run Behavior\BuildLiteBehavior [ RunTime:0.000100s ]
INFO: [ app_init ] --END-- [ RunTime:0.001196s ]
ERR: 无法加载模块:Index

[ 2015-12-22T21:25:20+08:00 ] ::1 /thinkphp/Index/index
INFO: [ app_init ] --START--
INFO: Run Behavior\BuildLiteBehavior [ RunTime:0.000039s ]
INFO: [ app_init ] --END-- [ RunTime:0.001080s ]
ERR: 无法加载模块:Index

[ 2015-12-22T21:25:21+08:00 ] ::1 /thinkphp/Index/index
INFO: [ app_init ] --START--
INFO: Run Behavior\BuildLiteBehavior [ RunTime:0.000070s ]
INFO: [ app_init ] --END-- [ RunTime:0.001383s ]
ERR: 无法加载模块:Index

[ 2015-12-22T21:25:21+08:00 ] ::1 /thinkphp/Index/index
INFO: [ app_init ] --START--
INFO: Run Behavior\BuildLiteBehavior [ RunTime:0.000037s ]
INFO: [ app_init ] --END-- [ RunTime:0.000852s ]
ERR: 无法加载模块:Index

[ 2015-12-22T21:25:21+08:00 ] ::1 /thinkphp/Index/index
INFO: [ app_init ] --START--
INFO: Run Behavior\BuildLiteBehavior [ RunTime:0.000054s ]
INFO: [ app_init ] --END-- [ RunTime:0.000804s ]
ERR: 无法加载模块:Index

[ 2015-12-22T21:25:21+08:00 ] ::1 /thinkphp/Index/index
INFO: [ app_init ] --START--
INFO: Run Behavior\BuildLiteBehavior [ RunTime:0.000049s ]
INFO: [ app_init ] --END-- [ RunTime:0.000760s ]
ERR: 无法加载模块:Index

[ 2015-12-22T21:25:22+08:00 ] ::1 /thinkphp/Index/index
INFO: [ app_init ] --START--
INFO: Run Behavior\BuildLiteBehavior [ RunTime:0.000041s ]
INFO: [ app_init ] --END-- [ RunTime:0.000909s ]
ERR: 无法加载模块:Index

[ 2015-12-22T21:25:23+08:00 ] ::1 /thinkphp/Index/index
INFO: [ app_init ] --START--
INFO: Run Behavior\BuildLiteBehavior [ RunTime:0.000089s ]
INFO: [ app_init ] --END-- [ RunTime:0.002049s ]
ERR: 无法加载模块:Index

[ 2015-12-22T21:25:23+08:00 ] ::1 /thinkphp/Index/index
INFO: [ app_init ] --START--
INFO: Run Behavior\BuildLiteBehavior [ RunTime:0.000049s ]
INFO: [ app_init ] --END-- [ RunTime:0.000889s ]
ERR: 无法加载模块:Index

[ 2015-12-22T21:25:23+08:00 ] ::1 /thinkphp/Index/index
INFO: [ app_init ] --START--
INFO: Run Behavior\BuildLiteBehavior [ RunTime:0.000068s ]
INFO: [ app_init ] --END-- [ RunTime:0.001086s ]
ERR: 无法加载模块:Index

[ 2015-12-22T21:25:23+08:00 ] ::1 /thinkphp/Index/index
INFO: [ app_init ] --START--
INFO: Run Behavior\BuildLiteBehavior [ RunTime:0.000040s ]
INFO: [ app_init ] --END-- [ RunTime:0.000924s ]
ERR: 无法加载模块:Index

[ 2015-12-22T21:25:25+08:00 ] ::1 /thinkphp/Index/index
INFO: [ app_init ] --START--
INFO: Run Behavior\BuildLiteBehavior [ RunTime:0.000038s ]
INFO: [ app_init ] --END-- [ RunTime:0.000875s ]
ERR: 无法加载模块:Index

[ 2015-12-22T21:28:29+08:00 ] ::1 /thinkphp/Index/index
INFO: [ app_init ] --START--
INFO: Run Behavior\BuildLiteBehavior [ RunTime:0.000037s ]
INFO: [ app_init ] --END-- [ RunTime:0.000855s ]
ERR: 无法加载模块:Index

[ 2015-12-22T21:28:29+08:00 ] ::1 /thinkphp/Index/index
INFO: [ app_init ] --START--
INFO: Run Behavior\BuildLiteBehavior [ RunTime:0.000068s ]
INFO: [ app_init ] --END-- [ RunTime:0.001291s ]
ERR: 无法加载模块:Index

[ 2015-12-22T21:28:30+08:00 ] ::1 /thinkphp/Index/index
INFO: [ app_init ] --START--
INFO: Run Behavior\BuildLiteBehavior [ RunTime:0.000071s ]
INFO: [ app_init ] --END-- [ RunTime:0.001507s ]
ERR: 无法加载模块:Index

[ 2015-12-22T21:28:30+08:00 ] ::1 /thinkphp/Index/index
INFO: [ app_init ] --START--
INFO: Run Behavior\BuildLiteBehavior [ RunTime:0.000065s ]
INFO: [ app_init ] --END-- [ RunTime:0.000978s ]
ERR: 无法加载模块:Index

[ 2015-12-22T21:28:45+08:00 ] ::1 /thinkphp/Index/index
INFO: [ app_init ] --START--
INFO: Run Behavior\BuildLiteBehavior [ RunTime:0.000041s ]
INFO: [ app_init ] --END-- [ RunTime:0.001239s ]
ERR: 无法加载模块:Index

[ 2015-12-22T21:28:50+08:00 ] ::1 /thinkphp/Index/index.html
INFO: [ app_init ] --START--
INFO: Run Behavior\BuildLiteBehavior [ RunTime:0.000071s ]
INFO: [ app_init ] --END-- [ RunTime:0.001317s ]
ERR: 无法加载模块:Index

[ 2015-12-22T21:28:53+08:00 ] ::1 /thinkphp/Index/index.php
INFO: [ app_init ] --START--
INFO: Run Behavior\BuildLiteBehavior [ RunTime:0.000040s ]
INFO: [ app_init ] --END-- [ RunTime:0.000989s ]
ERR: 无法加载模块:Index

[ 2015-12-22T21:32:04+08:00 ] ::1 /thinkphp/Index/index
INFO: [ app_init ] --START--
INFO: Run Behavior\BuildLiteBehavior [ RunTime:0.000038s ]
INFO: [ app_init ] --END-- [ RunTime:0.000819s ]
ERR: 无法加载模块:Index

[ 2015-12-22T21:32:08+08:00 ] ::1 /thinkphp/Index/index.html
INFO: [ app_init ] --START--
INFO: Run Behavior\BuildLiteBehavior [ RunTime:0.000038s ]
INFO: [ app_init ] --END-- [ RunTime:0.000783s ]
ERR: 无法加载模块:Index

