[ 2016-04-11T13:01:26+08:00 ] ::1 /hotspots/Public/js/skin/layer.css
INFO: [ app_init ] --START--
INFO: Run Behavior\BuildLiteBehavior [ RunTime:0.000365s ]
INFO: [ app_init ] --END-- [ RunTime:0.003088s ]
ERR: 无法加载模块:Public

[ 2016-04-11T13:55:20+08:00 ] ::1 /hotspots/company
INFO: [ app_init ] --START--
INFO: Run Behavior\BuildLiteBehavior [ RunTime:0.000357s ]
INFO: [ app_init ] --END-- [ RunTime:0.005957s ]
ERR: 无法加载模块:Company

[ 2016-04-11T13:55:41+08:00 ] ::1 /hotspots/company
INFO: [ app_init ] --START--
INFO: Run Behavior\BuildLiteBehavior [ RunTime:0.000227s ]
INFO: [ app_init ] --END-- [ RunTime:0.002313s ]
ERR: 无法加载模块:Company

[ 2016-04-11T13:55:42+08:00 ] ::1 /hotspots/company
INFO: [ app_init ] --START--
INFO: Run Behavior\BuildLiteBehavior [ RunTime:0.000243s ]
INFO: [ app_init ] --END-- [ RunTime:0.002276s ]
ERR: 无法加载模块:Company

[ 2016-04-11T13:55:42+08:00 ] ::1 /hotspots/company
INFO: [ app_init ] --START--
INFO: Run Behavior\BuildLiteBehavior [ RunTime:0.000226s ]
INFO: [ app_init ] --END-- [ RunTime:0.002249s ]
ERR: 无法加载模块:Company

[ 2016-04-11T13:55:43+08:00 ] ::1 /hotspots/company
INFO: [ app_init ] --START--
INFO: Run Behavior\BuildLiteBehavior [ RunTime:0.000284s ]
INFO: [ app_init ] --END-- [ RunTime:0.003004s ]
ERR: 无法加载模块:Company

[ 2016-04-11T13:56:04+08:00 ] ::1 /hotspots/company
INFO: [ app_init ] --START--
INFO: Run Behavior\BuildLiteBehavior [ RunTime:0.000227s ]
INFO: [ app_init ] --END-- [ RunTime:0.002710s ]
ERR: 无法加载模块:Company

[ 2016-04-11T13:56:06+08:00 ] ::1 /hotspots/company
INFO: [ app_init ] --START--
INFO: Run Behavior\BuildLiteBehavior [ RunTime:0.000227s ]
INFO: [ app_init ] --END-- [ RunTime:0.002120s ]
ERR: 无法加载模块:Company

[ 2016-04-11T13:56:06+08:00 ] ::1 /hotspots/company
INFO: [ app_init ] --START--
INFO: Run Behavior\BuildLiteBehavior [ RunTime:0.000330s ]
INFO: [ app_init ] --END-- [ RunTime:0.002462s ]
ERR: 无法加载模块:Company

[ 2016-04-11T13:56:06+08:00 ] ::1 /hotspots/company
INFO: [ app_init ] --START--
INFO: Run Behavior\BuildLiteBehavior [ RunTime:0.000326s ]
INFO: [ app_init ] --END-- [ RunTime:0.002480s ]
ERR: 无法加载模块:Company

[ 2016-04-11T14:16:41+08:00 ] ::1 /hotspots/company
INFO: [ app_init ] --START--
INFO: Run Behavior\BuildLiteBehavior [ RunTime:0.000562s ]
INFO: [ app_init ] --END-- [ RunTime:0.003452s ]
ERR: 无法加载模块:Company

[ 2016-04-11T17:05:20+08:00 ] ::1 /hotspots/company
INFO: [ app_init ] --START--
INFO: Run Behavior\BuildLiteBehavior [ RunTime:0.000220s ]
INFO: [ app_init ] --END-- [ RunTime:0.002345s ]
ERR: 无法加载模块:Company

[ 2016-04-11T17:05:23+08:00 ] ::1 /hotspots/company
INFO: [ app_init ] --START--
INFO: Run Behavior\BuildLiteBehavior [ RunTime:0.000236s ]
INFO: [ app_init ] --END-- [ RunTime:0.002580s ]
ERR: 无法加载模块:Company

